  [4;36;1mSQL (0.0ms)[0m   [0;1mSET NAMES 'utf8'[0m
  [4;35;1mSQL (0.0ms)[0m   [0mSET SQL_AUTO_IS_NULL=0[0m
  [4;36;1mSQL (0.0ms)[0m   [0;1mSET NAMES 'utf8'[0m
  [4;35;1mSQL (0.0ms)[0m   [0mSET SQL_AUTO_IS_NULL=0[0m


Processing ApplicationController#index (for 127.0.0.1 at 2010-10-29 16:31:02) [GET]

ActionController::RoutingError (No route matches "/bin/pomodo" with {:method=>:get}):
  

Rendering rescues/layout (not_found)
  [4;36;1mSQL (0.0ms)[0m   [0;1mSET NAMES 'utf8'[0m
  [4;35;1mSQL (0.0ms)[0m   [0mSET SQL_AUTO_IS_NULL=0[0m


Processing ApplicationController#index (for 127.0.0.1 at 2010-10-29 16:31:07) [GET]

ActionController::RoutingError (No route matches "/bin/Pomodo" with {:method=>:get}):
  

Rendering rescues/layout (not_found)
  [4;36;1mSQL (0.0ms)[0m   [0;1mSET NAMES 'utf8'[0m
  [4;35;1mSQL (0.0ms)[0m   [0mSET SQL_AUTO_IS_NULL=0[0m


Processing ApplicationController#index (for 127.0.0.1 at 2010-10-29 16:31:50) [GET]

ActionController::RoutingError (No route matches "/bin/pomodo.html" with {:method=>:get}):
  

Rendering rescues/layout (not_found)
  [4;36;1mSQL (31.0ms)[0m   [0;1mSET NAMES 'utf8'[0m
  [4;35;1mSQL (0.0ms)[0m   [0mSET SQL_AUTO_IS_NULL=0[0m


Processing UsersController#create_xml (for 127.0.0.1 at 2010-11-02 13:20:52) [POST]
  Parameters: {"user"=>{"password_confirmation"=>"vineeth", "first_name"=>"Vineeth", "password"=>"Pradhan", "login"=>"(loginTI.text}", "last_name"=>"Pradhan", "email"=>"porsamini@gmail.com"}}
  [4;36;1mUser Columns (172.0ms)[0m   [0;1mSHOW FIELDS FROM `users`[0m
WARNING: Can't mass-assign these protected attributes: first_name, last_name
  [4;35;1mSQL (16.0ms)[0m   [0mBEGIN[0m
  [4;36;1mUser Load (16.0ms)[0m   [0;1mSELECT `users`.id FROM `users` WHERE (`users`.`login` = BINARY '(loginti.text}') LIMIT 1[0m
  [4;35;1mUser Load (0.0ms)[0m   [0mSELECT `users`.id FROM `users` WHERE (`users`.`email` = BINARY 'porsamini@gmail.com') LIMIT 1[0m
  [4;36;1mSQL (15.0ms)[0m   [0;1mROLLBACK[0m
Completed in 375ms (View: 0, DB: 250) | 200 OK [http://localhost/users/create_xml]
  [4;35;1mSQL (0.0ms)[0m   [0mSET NAMES 'utf8'[0m
  [4;36;1mSQL (0.0ms)[0m   [0;1mSET SQL_AUTO_IS_NULL=0[0m


Processing UsersController#create_xml (for 127.0.0.1 at 2010-11-02 13:20:55) [POST]
  Parameters: {"user"=>{"password_confirmation"=>"vineeth", "first_name"=>"Vineeth", "password"=>"Pradhan", "login"=>"(loginTI.text}", "last_name"=>"Pradhan", "email"=>"porsamini@gmail.com"}}
  [4;35;1mUser Columns (0.0ms)[0m   [0mSHOW FIELDS FROM `users`[0m
WARNING: Can't mass-assign these protected attributes: first_name, last_name
  [4;36;1mSQL (0.0ms)[0m   [0;1mBEGIN[0m
  [4;35;1mUser Load (0.0ms)[0m   [0mSELECT `users`.id FROM `users` WHERE (`users`.`login` = BINARY '(loginti.text}') LIMIT 1[0m
  [4;36;1mUser Load (0.0ms)[0m   [0;1mSELECT `users`.id FROM `users` WHERE (`users`.`email` = BINARY 'porsamini@gmail.com') LIMIT 1[0m
  [4;35;1mSQL (0.0ms)[0m   [0mROLLBACK[0m
Completed in 47ms (View: 0, DB: 0) | 200 OK [http://localhost/users/create_xml]
  [4;36;1mSQL (0.0ms)[0m   [0;1mSET NAMES 'utf8'[0m
  [4;35;1mSQL (0.0ms)[0m   [0mSET SQL_AUTO_IS_NULL=0[0m


Processing UsersController#create_xml (for 127.0.0.1 at 2010-11-02 13:20:57) [POST]
  Parameters: {"user"=>{"password_confirmation"=>"vineeth", "first_name"=>"Vineeth", "password"=>"Pradhan", "login"=>"(loginTI.text}", "last_name"=>"Pradhan", "email"=>"porsamini@gmail.com"}}
  [4;36;1mUser Columns (16.0ms)[0m   [0;1mSHOW FIELDS FROM `users`[0m
WARNING: Can't mass-assign these protected attributes: first_name, last_name
  [4;35;1mSQL (0.0ms)[0m   [0mBEGIN[0m
  [4;36;1mUser Load (0.0ms)[0m   [0;1mSELECT `users`.id FROM `users` WHERE (`users`.`login` = BINARY '(loginti.text}') LIMIT 1[0m
  [4;35;1mUser Load (0.0ms)[0m   [0mSELECT `users`.id FROM `users` WHERE (`users`.`email` = BINARY 'porsamini@gmail.com') LIMIT 1[0m
  [4;36;1mSQL (0.0ms)[0m   [0;1mROLLBACK[0m
Completed in 47ms (View: 0, DB: 16) | 200 OK [http://localhost/users/create_xml]
  [4;35;1mSQL (0.0ms)[0m   [0mSET NAMES 'utf8'[0m
  [4;36;1mSQL (0.0ms)[0m   [0;1mSET SQL_AUTO_IS_NULL=0[0m


Processing SessionsController#create_xml (for 127.0.0.1 at 2010-11-02 13:21:15) [POST]
  Parameters: {"login"=>"porsamini", "password"=>"vineeth"}

ActionController::InvalidAuthenticityToken (ActionController::InvalidAuthenticityToken):
  

Rendered rescues/_trace (78.0ms)
Rendered rescues/_request_and_response (16.0ms)
Rendering rescues/layout (unprocessable_entity)
  [4;35;1mSQL (0.0ms)[0m   [0mSET NAMES 'utf8'[0m
  [4;36;1mSQL (0.0ms)[0m   [0;1mSET SQL_AUTO_IS_NULL=0[0m


Processing SessionsController#create_xml (for 127.0.0.1 at 2010-11-02 13:21:19) [POST]
  Parameters: {"login"=>"porsamini", "password"=>"vineeth"}

ActionController::InvalidAuthenticityToken (ActionController::InvalidAuthenticityToken):
  

Rendered rescues/_trace (78.0ms)
Rendered rescues/_request_and_response (0.0ms)
Rendering rescues/layout (unprocessable_entity)
  [4;35;1mSQL (0.0ms)[0m   [0mSET NAMES 'utf8'[0m
  [4;36;1mSQL (0.0ms)[0m   [0;1mSET SQL_AUTO_IS_NULL=0[0m


Processing UsersController#show (for 127.0.0.1 at 2010-11-02 13:22:16) [GET]
  Parameters: {"id"=>"create_xml"}

ActionController::UnknownAction (No action responded to show. Actions: create, create_xml, and new):
  

Rendering rescues/layout (not_found)
  [4;35;1mSQL (0.0ms)[0m   [0mSET NAMES 'utf8'[0m
  [4;36;1mSQL (0.0ms)[0m   [0;1mSET SQL_AUTO_IS_NULL=0[0m


Processing UsersController#show to xml (for 127.0.0.1 at 2010-11-02 13:22:52) [GET]
  Parameters: {"id"=>"create_xml"}

ActionController::UnknownAction (No action responded to show. Actions: create, create_xml, and new):
  

Rendering rescues/layout (not_found)
  [4;35;1mSQL (0.0ms)[0m   [0mSET NAMES 'utf8'[0m
  [4;36;1mSQL (0.0ms)[0m   [0;1mSET SQL_AUTO_IS_NULL=0[0m


Processing UsersController#create_xml (for 127.0.0.1 at 2010-11-02 13:24:06) [POST]
  Parameters: {"user"=>{"password_confirmation"=>"vineeth", "first_name"=>"Vineeth", "password"=>"Pradhan", "login"=>"(loginTI.text}", "last_name"=>"Pradhan", "email"=>"porsamini@gmail.com"}}
  [4;35;1mUser Columns (16.0ms)[0m   [0mSHOW FIELDS FROM `users`[0m
WARNING: Can't mass-assign these protected attributes: first_name, last_name
  [4;36;1mSQL (16.0ms)[0m   [0;1mBEGIN[0m
  [4;35;1mUser Load (0.0ms)[0m   [0mSELECT `users`.id FROM `users` WHERE (`users`.`login` = BINARY '(loginti.text}') LIMIT 1[0m
  [4;36;1mUser Load (0.0ms)[0m   [0;1mSELECT `users`.id FROM `users` WHERE (`users`.`email` = BINARY 'porsamini@gmail.com') LIMIT 1[0m
  [4;35;1mSQL (0.0ms)[0m   [0mROLLBACK[0m
Completed in 62ms (View: 0, DB: 32) | 200 OK [http://localhost/users/create_xml]
  [4;36;1mSQL (0.0ms)[0m   [0;1mSET NAMES 'utf8'[0m
  [4;35;1mSQL (0.0ms)[0m   [0mSET SQL_AUTO_IS_NULL=0[0m


Processing UsersController#create_xml (for 127.0.0.1 at 2010-11-02 13:24:35) [POST]
  Parameters: {"user"=>{"password_confirmation"=>"vineeth", "first_name"=>"Vineeth", "password"=>"Pradhan", "login"=>"(loginTI.text}", "last_name"=>"Pradhan", "email"=>"porsamini@gmail.com"}}
  [4;36;1mUser Columns (0.0ms)[0m   [0;1mSHOW FIELDS FROM `users`[0m
WARNING: Can't mass-assign these protected attributes: first_name, last_name
  [4;35;1mSQL (0.0ms)[0m   [0mBEGIN[0m
  [4;36;1mUser Load (0.0ms)[0m   [0;1mSELECT `users`.id FROM `users` WHERE (`users`.`login` = BINARY '(loginti.text}') LIMIT 1[0m
  [4;35;1mUser Load (0.0ms)[0m   [0mSELECT `users`.id FROM `users` WHERE (`users`.`email` = BINARY 'porsamini@gmail.com') LIMIT 1[0m
  [4;36;1mSQL (0.0ms)[0m   [0;1mROLLBACK[0m
Completed in 47ms (View: 0, DB: 0) | 200 OK [http://localhost/users/create_xml]
  [4;35;1mSQL (0.0ms)[0m   [0mSET NAMES 'utf8'[0m
  [4;36;1mSQL (0.0ms)[0m   [0;1mSET SQL_AUTO_IS_NULL=0[0m


Processing UsersController#create_xml (for 127.0.0.1 at 2010-11-02 13:53:27) [POST]
  Parameters: {"user"=>{"password_confirmation"=>"vineeth", "first_name"=>"Vineeth", "password"=>"Pradhan", "login"=>"(loginTI.text}", "last_name"=>"Pradhan", "email"=>"porsamini@gmail.com"}}
  [4;35;1mUser Columns (94.0ms)[0m   [0mSHOW FIELDS FROM `users`[0m
WARNING: Can't mass-assign these protected attributes: first_name, last_name
  [4;36;1mSQL (0.0ms)[0m   [0;1mBEGIN[0m
  [4;35;1mUser Load (0.0ms)[0m   [0mSELECT `users`.id FROM `users` WHERE (`users`.`login` = BINARY '(loginti.text}') LIMIT 1[0m
  [4;36;1mUser Load (0.0ms)[0m   [0;1mSELECT `users`.id FROM `users` WHERE (`users`.`email` = BINARY 'porsamini@gmail.com') LIMIT 1[0m
  [4;35;1mSQL (0.0ms)[0m   [0mROLLBACK[0m
Completed in 281ms (View: 0, DB: 94) | 200 OK [http://localhost/users/create_xml]
  [4;36;1mSQL (0.0ms)[0m   [0;1mSET NAMES 'utf8'[0m
  [4;35;1mSQL (0.0ms)[0m   [0mSET SQL_AUTO_IS_NULL=0[0m


Processing UsersController#create_xml (for 127.0.0.1 at 2010-11-02 14:08:18) [POST]
  Parameters: {"user"=>{"password_confirmation"=>"vineeth", "first_name"=>"Vineeth", "password"=>"Pradhan", "login"=>"(loginTI.text}", "last_name"=>"Pradhan", "email"=>"porsamini@gmail.com"}}
  [4;36;1mUser Columns (16.0ms)[0m   [0;1mSHOW FIELDS FROM `users`[0m
WARNING: Can't mass-assign these protected attributes: first_name, last_name
  [4;35;1mSQL (0.0ms)[0m   [0mBEGIN[0m
  [4;36;1mUser Load (0.0ms)[0m   [0;1mSELECT `users`.id FROM `users` WHERE (`users`.`login` = BINARY '(loginti.text}') LIMIT 1[0m
  [4;35;1mUser Load (0.0ms)[0m   [0mSELECT `users`.id FROM `users` WHERE (`users`.`email` = BINARY 'porsamini@gmail.com') LIMIT 1[0m
  [4;36;1mSQL (0.0ms)[0m   [0;1mROLLBACK[0m
Completed in 46ms (View: 0, DB: 16) | 200 OK [http://localhost/users/create_xml]
  [4;35;1mSQL (0.0ms)[0m   [0mSET NAMES 'utf8'[0m
  [4;36;1mSQL (15.0ms)[0m   [0;1mSET SQL_AUTO_IS_NULL=0[0m


Processing UsersController#create_xml (for 127.0.0.1 at 2010-11-02 14:47:40) [POST]
  Parameters: {"user"=>{"password_confirmation"=>"vineeth", "first_name"=>"Vineeth", "password"=>"Pradhan", "login"=>"(loginTI.text}", "last_name"=>"Pradhan", "email"=>"porsamini@gmail.com"}}
  [4;35;1mUser Columns (31.0ms)[0m   [0mSHOW FIELDS FROM `users`[0m
WARNING: Can't mass-assign these protected attributes: first_name, last_name
  [4;36;1mSQL (0.0ms)[0m   [0;1mBEGIN[0m
  [4;35;1mUser Load (0.0ms)[0m   [0mSELECT `users`.id FROM `users` WHERE (`users`.`login` = BINARY '(loginti.text}') LIMIT 1[0m
  [4;36;1mUser Load (0.0ms)[0m   [0;1mSELECT `users`.id FROM `users` WHERE (`users`.`email` = BINARY 'porsamini@gmail.com') LIMIT 1[0m
  [4;35;1mSQL (0.0ms)[0m   [0mROLLBACK[0m
Completed in 171ms (View: 0, DB: 46) | 200 OK [http://localhost/users/create_xml]
  [4;36;1mSQL (0.0ms)[0m   [0;1mSET NAMES 'utf8'[0m
  [4;35;1mSQL (0.0ms)[0m   [0mSET SQL_AUTO_IS_NULL=0[0m


Processing UsersController#create_xml (for 127.0.0.1 at 2010-11-02 14:47:41) [POST]
  Parameters: {"user"=>{"password_confirmation"=>"vineeth", "first_name"=>"Vineeth", "password"=>"Pradhan", "login"=>"(loginTI.text}", "last_name"=>"Pradhan", "email"=>"porsamini@gmail.com"}}
  [4;36;1mUser Columns (15.0ms)[0m   [0;1mSHOW FIELDS FROM `users`[0m
WARNING: Can't mass-assign these protected attributes: first_name, last_name
  [4;35;1mSQL (0.0ms)[0m   [0mBEGIN[0m
  [4;36;1mUser Load (0.0ms)[0m   [0;1mSELECT `users`.id FROM `users` WHERE (`users`.`login` = BINARY '(loginti.text}') LIMIT 1[0m
  [4;35;1mUser Load (0.0ms)[0m   [0mSELECT `users`.id FROM `users` WHERE (`users`.`email` = BINARY 'porsamini@gmail.com') LIMIT 1[0m
  [4;36;1mSQL (0.0ms)[0m   [0;1mROLLBACK[0m
Completed in 93ms (View: 0, DB: 15) | 200 OK [http://localhost/users/create_xml]
  [4;35;1mSQL (0.0ms)[0m   [0mSET NAMES 'utf8'[0m
  [4;36;1mSQL (0.0ms)[0m   [0;1mSET SQL_AUTO_IS_NULL=0[0m


Processing UsersController#create_xml (for 127.0.0.1 at 2010-11-02 14:48:06) [POST]
  Parameters: {"user"=>{"password_confirmation"=>"vineeth", "first_name"=>"Vineeth", "password"=>"Pradhan", "login"=>"(loginTI.text}", "last_name"=>"Pradhan", "email"=>"porsamini@gmail.com"}}
  [4;35;1mUser Columns (0.0ms)[0m   [0mSHOW FIELDS FROM `users`[0m
WARNING: Can't mass-assign these protected attributes: first_name, last_name
  [4;36;1mSQL (0.0ms)[0m   [0;1mBEGIN[0m
  [4;35;1mUser Load (0.0ms)[0m   [0mSELECT `users`.id FROM `users` WHERE (`users`.`login` = BINARY '(loginti.text}') LIMIT 1[0m
  [4;36;1mUser Load (0.0ms)[0m   [0;1mSELECT `users`.id FROM `users` WHERE (`users`.`email` = BINARY 'porsamini@gmail.com') LIMIT 1[0m
  [4;35;1mSQL (0.0ms)[0m   [0mROLLBACK[0m
Completed in 62ms (View: 0, DB: 0) | 200 OK [http://localhost/users/create_xml]
  [4;36;1mSQL (0.0ms)[0m   [0;1mSET NAMES 'utf8'[0m
  [4;35;1mSQL (0.0ms)[0m   [0mSET SQL_AUTO_IS_NULL=0[0m


Processing UsersController#create_xml (for 127.0.0.1 at 2010-11-02 14:48:53) [POST]
  Parameters: {"user"=>{"password_confirmation"=>"vineeth", "first_name"=>"Vineeth", "password"=>"Pradhan", "login"=>"(loginTI.text}", "last_name"=>"Pradhan", "email"=>"porsamini@gmail.com"}}
  [4;36;1mUser Columns (16.0ms)[0m   [0;1mSHOW FIELDS FROM `users`[0m
  [4;35;1mSQL (0.0ms)[0m   [0mBEGIN[0m
  [4;36;1mUser Load (47.0ms)[0m   [0;1mSELECT `users`.id FROM `users` WHERE (`users`.`login` IS NULL) LIMIT 1[0m
  [4;35;1mUser Load (15.0ms)[0m   [0mSELECT `users`.id FROM `users` WHERE (`users`.`email` IS NULL) LIMIT 1[0m
  [4;36;1mSQL (0.0ms)[0m   [0;1mROLLBACK[0m
Completed in 109ms (View: 0, DB: 78) | 200 OK [http://localhost/users/create_xml]
  [4;35;1mSQL (0.0ms)[0m   [0mSET NAMES 'utf8'[0m
  [4;36;1mSQL (0.0ms)[0m   [0;1mSET SQL_AUTO_IS_NULL=0[0m


Processing UsersController#create_xml (for 127.0.0.1 at 2010-11-02 14:48:55) [POST]
  Parameters: {"user"=>{"password_confirmation"=>"vineeth", "first_name"=>"Vineeth", "password"=>"Pradhan", "login"=>"(loginTI.text}", "last_name"=>"Pradhan", "email"=>"porsamini@gmail.com"}}
  [4;35;1mUser Columns (0.0ms)[0m   [0mSHOW FIELDS FROM `users`[0m
  [4;36;1mSQL (0.0ms)[0m   [0;1mBEGIN[0m
  [4;35;1mUser Load (15.0ms)[0m   [0mSELECT `users`.id FROM `users` WHERE (`users`.`login` IS NULL) LIMIT 1[0m
  [4;36;1mUser Load (0.0ms)[0m   [0;1mSELECT `users`.id FROM `users` WHERE (`users`.`email` IS NULL) LIMIT 1[0m
  [4;35;1mSQL (0.0ms)[0m   [0mROLLBACK[0m
Completed in 62ms (View: 0, DB: 15) | 200 OK [http://localhost/users/create_xml]
  [4;36;1mSQL (0.0ms)[0m   [0;1mSET NAMES 'utf8'[0m
  [4;35;1mSQL (0.0ms)[0m   [0mSET SQL_AUTO_IS_NULL=0[0m


Processing UsersController#create_xml (for 127.0.0.1 at 2010-11-02 14:49:22) [POST]
  Parameters: {"user"=>{"password_confirmation"=>"vineeth", "first_name"=>"Vineeth", "password"=>"Pradhan", "login"=>"(loginTI.text}", "last_name"=>"Pradhan", "email"=>"porsamini@gmail.com"}}
  [4;36;1mUser Columns (0.0ms)[0m   [0;1mSHOW FIELDS FROM `users`[0m
  [4;35;1mSQL (0.0ms)[0m   [0mBEGIN[0m
  [4;36;1mUser Load (0.0ms)[0m   [0;1mSELECT `users`.id FROM `users` WHERE (`users`.`login` IS NULL) LIMIT 1[0m
  [4;35;1mUser Load (0.0ms)[0m   [0mSELECT `users`.id FROM `users` WHERE (`users`.`email` IS NULL) LIMIT 1[0m
  [4;36;1mSQL (0.0ms)[0m   [0;1mROLLBACK[0m
Completed in 62ms (View: 0, DB: 0) | 200 OK [http://localhost/users/create_xml]
  [4;35;1mSQL (0.0ms)[0m   [0mSET NAMES 'utf8'[0m
  [4;36;1mSQL (0.0ms)[0m   [0;1mSET SQL_AUTO_IS_NULL=0[0m


Processing UsersController#create_xml (for 127.0.0.1 at 2010-11-02 14:59:39) [POST]
  Parameters: {"user"=>{"password_confirmation"=>"vineeth", "first_name"=>"Vineeth", "password"=>"Pradhan", "login"=>"(loginTI.text}", "last_name"=>"Pradhan", "email"=>"porsamini@gmail.com"}}
  [4;35;1mUser Columns (15.0ms)[0m   [0mSHOW FIELDS FROM `users`[0m
WARNING: Can't mass-assign these protected attributes: first_name, last_name
  [4;36;1mSQL (0.0ms)[0m   [0;1mBEGIN[0m
  [4;35;1mUser Load (0.0ms)[0m   [0mSELECT `users`.id FROM `users` WHERE (`users`.`login` = BINARY '(loginti.text}') LIMIT 1[0m
  [4;36;1mUser Load (0.0ms)[0m   [0;1mSELECT `users`.id FROM `users` WHERE (`users`.`email` = BINARY 'porsamini@gmail.com') LIMIT 1[0m
  [4;35;1mSQL (0.0ms)[0m   [0mROLLBACK[0m
Completed in 47ms (View: 0, DB: 15) | 200 OK [http://localhost/users/create_xml]
  [4;36;1mSQL (0.0ms)[0m   [0;1mSET NAMES 'utf8'[0m
  [4;35;1mSQL (0.0ms)[0m   [0mSET SQL_AUTO_IS_NULL=0[0m


Processing UsersController#create_xml (for 127.0.0.1 at 2010-11-02 17:08:19) [POST]
  Parameters: {"user"=>{"password_confirmation"=>"vineeth", "first_name"=>"Vineeth", "password"=>"Pradhan", "login"=>"(loginTI.text}", "last_name"=>"Pradhan", "email"=>"porsamini@gmail.com"}}
  [4;36;1mUser Columns (0.0ms)[0m   [0;1mSHOW FIELDS FROM `users`[0m
WARNING: Can't mass-assign these protected attributes: first_name, last_name
  [4;35;1mSQL (0.0ms)[0m   [0mBEGIN[0m
  [4;36;1mUser Load (0.0ms)[0m   [0;1mSELECT `users`.id FROM `users` WHERE (`users`.`login` = BINARY '(loginti.text}') LIMIT 1[0m
  [4;35;1mUser Load (0.0ms)[0m   [0mSELECT `users`.id FROM `users` WHERE (`users`.`email` = BINARY 'porsamini@gmail.com') LIMIT 1[0m
  [4;36;1mSQL (0.0ms)[0m   [0;1mROLLBACK[0m
Completed in 78ms (View: 0, DB: 0) | 200 OK [http://localhost/users/create_xml]
  [4;35;1mSQL (0.0ms)[0m   [0mSET NAMES 'utf8'[0m
  [4;36;1mSQL (0.0ms)[0m   [0;1mSET SQL_AUTO_IS_NULL=0[0m


Processing UsersController#create_xml (for 127.0.0.1 at 2010-11-02 17:08:36) [POST]
  Parameters: {"user"=>{"password_confirmation"=>"vineeth", "first_name"=>"Vineeth", "password"=>"Pradhan", "login"=>"(loginTI.text}", "last_name"=>"Pradhan", "email"=>"porsamini@gmail.com"}}
  [4;35;1mUser Columns (16.0ms)[0m   [0mSHOW FIELDS FROM `users`[0m
WARNING: Can't mass-assign these protected attributes: first_name, last_name
  [4;36;1mSQL (0.0ms)[0m   [0;1mBEGIN[0m
  [4;35;1mUser Load (0.0ms)[0m   [0mSELECT `users`.id FROM `users` WHERE (`users`.`login` = BINARY '(loginti.text}') LIMIT 1[0m
  [4;36;1mUser Load (0.0ms)[0m   [0;1mSELECT `users`.id FROM `users` WHERE (`users`.`email` = BINARY 'porsamini@gmail.com') LIMIT 1[0m
  [4;35;1mSQL (0.0ms)[0m   [0mROLLBACK[0m
Completed in 78ms (View: 0, DB: 16) | 200 OK [http://localhost/users/create_xml]
  [4;36;1mSQL (0.0ms)[0m   [0;1mSET NAMES 'utf8'[0m
  [4;35;1mSQL (0.0ms)[0m   [0mSET SQL_AUTO_IS_NULL=0[0m


Processing UsersController#create_xml (for 127.0.0.1 at 2010-11-02 17:08:51) [POST]
  Parameters: {"user"=>{"password_confirmation"=>"vineeth", "first_name"=>"Vineeth", "password"=>"Pradhan", "login"=>"(loginTI.text}", "last_name"=>"Pradhan", "email"=>"porsamini@gmail.com"}}
  [4;36;1mUser Columns (0.0ms)[0m   [0;1mSHOW FIELDS FROM `users`[0m
WARNING: Can't mass-assign these protected attributes: first_name, last_name
  [4;35;1mSQL (0.0ms)[0m   [0mBEGIN[0m
  [4;36;1mUser Load (0.0ms)[0m   [0;1mSELECT `users`.id FROM `users` WHERE (`users`.`login` = BINARY '(loginti.text}') LIMIT 1[0m
  [4;35;1mUser Load (0.0ms)[0m   [0mSELECT `users`.id FROM `users` WHERE (`users`.`email` = BINARY 'porsamini@gmail.com') LIMIT 1[0m
  [4;36;1mSQL (0.0ms)[0m   [0;1mROLLBACK[0m
Completed in 63ms (View: 16, DB: 0) | 200 OK [http://localhost/users/create_xml]
  [4;35;1mSQL (0.0ms)[0m   [0mSET NAMES 'utf8'[0m
  [4;36;1mSQL (0.0ms)[0m   [0;1mSET SQL_AUTO_IS_NULL=0[0m


Processing UsersController#create_xml (for 127.0.0.1 at 2010-11-02 17:10:02) [POST]
  Parameters: {"user"=>{"password_confirmation"=>"vineeth", "first_name"=>"Vineeth", "password"=>"Pradhan", "login"=>"(loginTI.text}", "last_name"=>"Pradhan", "email"=>"vineeth@gmail.com"}}
  [4;35;1mUser Columns (16.0ms)[0m   [0mSHOW FIELDS FROM `users`[0m
WARNING: Can't mass-assign these protected attributes: first_name, last_name
  [4;36;1mSQL (0.0ms)[0m   [0;1mBEGIN[0m
  [4;35;1mUser Load (0.0ms)[0m   [0mSELECT `users`.id FROM `users` WHERE (`users`.`login` = BINARY '(loginti.text}') LIMIT 1[0m
  [4;36;1mUser Load (0.0ms)[0m   [0;1mSELECT `users`.id FROM `users` WHERE (`users`.`email` = BINARY 'vineeth@gmail.com') LIMIT 1[0m
  [4;35;1mSQL (0.0ms)[0m   [0mROLLBACK[0m
Completed in 47ms (View: 0, DB: 16) | 200 OK [http://localhost/users/create_xml]
  [4;36;1mSQL (0.0ms)[0m   [0;1mSET NAMES 'utf8'[0m
  [4;35;1mSQL (0.0ms)[0m   [0mSET SQL_AUTO_IS_NULL=0[0m


Processing SessionsController#create_xml (for 127.0.0.1 at 2010-11-02 17:10:26) [POST]
  Parameters: {"login"=>"porsamini", "password"=>"vineeth"}

ActionController::InvalidAuthenticityToken (ActionController::InvalidAuthenticityToken):
  

Rendered rescues/_trace (78.0ms)
Rendered rescues/_request_and_response (15.0ms)
Rendering rescues/layout (unprocessable_entity)
  [4;36;1mSQL (0.0ms)[0m   [0;1mSET NAMES 'utf8'[0m
  [4;35;1mSQL (0.0ms)[0m   [0mSET SQL_AUTO_IS_NULL=0[0m


Processing SessionsController#create_xml (for 127.0.0.1 at 2010-11-02 17:11:32) [POST]
  Parameters: {"login"=>"vineeth", "password"=>"vineeth"}

ActionController::InvalidAuthenticityToken (ActionController::InvalidAuthenticityToken):
  

Rendered rescues/_trace (62.0ms)
Rendered rescues/_request_and_response (0.0ms)
Rendering rescues/layout (unprocessable_entity)
  [4;36;1mSQL (0.0ms)[0m   [0;1mSET NAMES 'utf8'[0m
  [4;35;1mSQL (0.0ms)[0m   [0mSET SQL_AUTO_IS_NULL=0[0m


Processing SessionsController#create_xml (for 127.0.0.1 at 2010-11-02 17:11:40) [POST]
  Parameters: {"login"=>"vineeth", "password"=>"vineeth"}

ActionController::InvalidAuthenticityToken (ActionController::InvalidAuthenticityToken):
  

Rendered rescues/_trace (203.0ms)
Rendered rescues/_request_and_response (0.0ms)
Rendering rescues/layout (unprocessable_entity)
  [4;36;1mSQL (0.0ms)[0m   [0;1mSET NAMES 'utf8'[0m
  [4;35;1mSQL (0.0ms)[0m   [0mSET SQL_AUTO_IS_NULL=0[0m


Processing SessionsController#create_xml (for 127.0.0.1 at 2010-11-02 17:11:42) [POST]
  Parameters: {"login"=>"vineeth", "password"=>"vineeth"}

ActionController::InvalidAuthenticityToken (ActionController::InvalidAuthenticityToken):
  

Rendered rescues/_trace (47.0ms)
Rendered rescues/_request_and_response (0.0ms)
Rendering rescues/layout (unprocessable_entity)
  [4;36;1mSQL (0.0ms)[0m   [0;1mSET NAMES 'utf8'[0m
  [4;35;1mSQL (0.0ms)[0m   [0mSET SQL_AUTO_IS_NULL=0[0m


Processing SessionsController#create_xml (for 127.0.0.1 at 2010-11-02 17:11:42) [POST]
  Parameters: {"login"=>"vineeth", "password"=>"vineeth"}

ActionController::InvalidAuthenticityToken (ActionController::InvalidAuthenticityToken):
  

Rendered rescues/_trace (46.0ms)
Rendered rescues/_request_and_response (0.0ms)
Rendering rescues/layout (unprocessable_entity)
  [4;36;1mSQL (0.0ms)[0m   [0;1mSET NAMES 'utf8'[0m
  [4;35;1mSQL (0.0ms)[0m   [0mSET SQL_AUTO_IS_NULL=0[0m


Processing SessionsController#create_xml (for 127.0.0.1 at 2010-11-02 17:11:43) [POST]
  Parameters: {"login"=>"vineeth", "password"=>"vineeth"}

ActionController::InvalidAuthenticityToken (ActionController::InvalidAuthenticityToken):
  

Rendered rescues/_trace (63.0ms)
Rendered rescues/_request_and_response (0.0ms)
Rendering rescues/layout (unprocessable_entity)
  [4;36;1mSQL (0.0ms)[0m   [0;1mSET NAMES 'utf8'[0m
  [4;35;1mSQL (0.0ms)[0m   [0mSET SQL_AUTO_IS_NULL=0[0m


Processing SessionsController#create_xml (for 127.0.0.1 at 2010-11-02 17:11:44) [POST]
  Parameters: {"login"=>"vineeth", "password"=>"vineeth"}

ActionController::InvalidAuthenticityToken (ActionController::InvalidAuthenticityToken):
  

Rendered rescues/_trace (62.0ms)
Rendered rescues/_request_and_response (0.0ms)
Rendering rescues/layout (unprocessable_entity)
  [4;36;1mSQL (0.0ms)[0m   [0;1mSET NAMES 'utf8'[0m
  [4;35;1mSQL (0.0ms)[0m   [0mSET SQL_AUTO_IS_NULL=0[0m


Processing SessionsController#create_xml (for 127.0.0.1 at 2010-11-02 18:49:03) [POST]
  Parameters: {"login"=>"vineeth", "password"=>"vineeth"}

ActionController::InvalidAuthenticityToken (ActionController::InvalidAuthenticityToken):
  

Rendered rescues/_trace (46.0ms)
Rendered rescues/_request_and_response (0.0ms)
Rendering rescues/layout (unprocessable_entity)
  [4;36;1mSQL (0.0ms)[0m   [0;1mSET NAMES 'utf8'[0m
  [4;35;1mSQL (0.0ms)[0m   [0mSET SQL_AUTO_IS_NULL=0[0m


Processing UsersController#create_xml (for 127.0.0.1 at 2010-11-02 18:49:06) [POST]
  Parameters: {"user"=>{"password_confirmation"=>nil, "first_name"=>nil, "password"=>nil, "login"=>"(loginTI.text}", "last_name"=>nil, "email"=>nil}}
  [4;36;1mUser Columns (110.0ms)[0m   [0;1mSHOW FIELDS FROM `users`[0m
WARNING: Can't mass-assign these protected attributes: first_name, last_name
  [4;35;1mSQL (0.0ms)[0m   [0mBEGIN[0m
  [4;36;1mUser Load (0.0ms)[0m   [0;1mSELECT `users`.id FROM `users` WHERE (`users`.`login` = BINARY '(loginti.text}') LIMIT 1[0m
  [4;35;1mUser Load (0.0ms)[0m   [0mSELECT `users`.id FROM `users` WHERE (`users`.`email` IS NULL) LIMIT 1[0m
  [4;36;1mSQL (0.0ms)[0m   [0;1mROLLBACK[0m
Completed in 219ms (View: 0, DB: 110) | 200 OK [http://localhost/users/create_xml]
  [4;35;1mSQL (0.0ms)[0m   [0mSET NAMES 'utf8'[0m
  [4;36;1mSQL (0.0ms)[0m   [0;1mSET SQL_AUTO_IS_NULL=0[0m


Processing UsersController#create_xml (for 127.0.0.1 at 2010-11-02 18:51:07) [POST]
  Parameters: {"user"=>{"password_confirmation"=>"vineeth", "first_name"=>"vineeth", "password"=>"pradhan", "login"=>"(loginTI.text}", "last_name"=>"pradhan", "email"=>"vineeth@gmail.com"}}
  [4;35;1mUser Columns (16.0ms)[0m   [0mSHOW FIELDS FROM `users`[0m
WARNING: Can't mass-assign these protected attributes: first_name, last_name
  [4;36;1mSQL (0.0ms)[0m   [0;1mBEGIN[0m
  [4;35;1mUser Load (0.0ms)[0m   [0mSELECT `users`.id FROM `users` WHERE (`users`.`login` = BINARY '(loginti.text}') LIMIT 1[0m
  [4;36;1mUser Load (0.0ms)[0m   [0;1mSELECT `users`.id FROM `users` WHERE (`users`.`email` = BINARY 'vineeth@gmail.com') LIMIT 1[0m
  [4;35;1mSQL (0.0ms)[0m   [0mROLLBACK[0m
Completed in 47ms (View: 0, DB: 16) | 200 OK [http://localhost/users/create_xml]
  [4;36;1mSQL (0.0ms)[0m   [0;1mSET NAMES 'utf8'[0m
  [4;35;1mSQL (0.0ms)[0m   [0mSET SQL_AUTO_IS_NULL=0[0m


Processing UsersController#create_xml (for 127.0.0.1 at 2010-11-02 18:51:31) [POST]
  Parameters: {"user"=>{"password_confirmation"=>"vineeth", "first_name"=>"Vineeth", "password"=>"Pradhan", "login"=>"(loginTI.text}", "last_name"=>"Pradhan", "email"=>"vineeth@gmail.com"}}
  [4;36;1mUser Columns (0.0ms)[0m   [0;1mSHOW FIELDS FROM `users`[0m
WARNING: Can't mass-assign these protected attributes: first_name, last_name
  [4;35;1mSQL (0.0ms)[0m   [0mBEGIN[0m
  [4;36;1mUser Load (0.0ms)[0m   [0;1mSELECT `users`.id FROM `users` WHERE (`users`.`login` = BINARY '(loginti.text}') LIMIT 1[0m
  [4;35;1mUser Load (0.0ms)[0m   [0mSELECT `users`.id FROM `users` WHERE (`users`.`email` = BINARY 'vineeth@gmail.com') LIMIT 1[0m
  [4;36;1mSQL (0.0ms)[0m   [0;1mROLLBACK[0m
Completed in 79ms (View: 0, DB: 0) | 200 OK [http://localhost/users/create_xml]
  [4;35;1mSQL (0.0ms)[0m   [0mSET NAMES 'utf8'[0m
  [4;36;1mSQL (0.0ms)[0m   [0;1mSET SQL_AUTO_IS_NULL=0[0m


Processing UsersController#create_xml (for 127.0.0.1 at 2010-11-02 18:53:43) [POST]
  Parameters: {"user"=>{"password_confirmation"=>"vineeth", "first_name"=>"Vineeth", "password"=>"Pradhan", "login"=>"(loginTI.text}", "last_name"=>"Pradhan", "email"=>"vineeth@gmail.com"}}
  [4;35;1mUser Columns (0.0ms)[0m   [0mSHOW FIELDS FROM `users`[0m
WARNING: Can't mass-assign these protected attributes: first_name, last_name
  [4;36;1mSQL (0.0ms)[0m   [0;1mBEGIN[0m
  [4;35;1mUser Load (0.0ms)[0m   [0mSELECT `users`.id FROM `users` WHERE (`users`.`login` = BINARY '(loginti.text}') LIMIT 1[0m
  [4;36;1mUser Load (0.0ms)[0m   [0;1mSELECT `users`.id FROM `users` WHERE (`users`.`email` = BINARY 'vineeth@gmail.com') LIMIT 1[0m
  [4;35;1mSQL (15.0ms)[0m   [0mROLLBACK[0m

ActiveRecord::RecordInvalid (Validation failed: Password doesn't match confirmation, Login use only letters, numbers, and .-_@ please.):
  app/controllers/users_controller.rb:13:in `create_xml'

Rendered rescues/_trace (63.0ms)
Rendered rescues/_request_and_response (0.0ms)
Rendering rescues/layout (unprocessable_entity)
  [4;36;1mSQL (0.0ms)[0m   [0;1mSET NAMES 'utf8'[0m
  [4;35;1mSQL (0.0ms)[0m   [0mSET SQL_AUTO_IS_NULL=0[0m


Processing UsersController#create_xml (for 127.0.0.1 at 2010-11-02 18:53:46) [POST]
  Parameters: {"user"=>{"password_confirmation"=>"vineeth", "first_name"=>"Vineeth", "password"=>"Pradhan", "login"=>"(loginTI.text}", "last_name"=>"Pradhan", "email"=>"vineeth@gmail.com"}}
  [4;36;1mUser Columns (0.0ms)[0m   [0;1mSHOW FIELDS FROM `users`[0m
WARNING: Can't mass-assign these protected attributes: first_name, last_name
  [4;35;1mSQL (0.0ms)[0m   [0mBEGIN[0m
  [4;36;1mUser Load (0.0ms)[0m   [0;1mSELECT `users`.id FROM `users` WHERE (`users`.`login` = BINARY '(loginti.text}') LIMIT 1[0m
  [4;35;1mUser Load (0.0ms)[0m   [0mSELECT `users`.id FROM `users` WHERE (`users`.`email` = BINARY 'vineeth@gmail.com') LIMIT 1[0m
  [4;36;1mSQL (0.0ms)[0m   [0;1mROLLBACK[0m

ActiveRecord::RecordInvalid (Validation failed: Password doesn't match confirmation, Login use only letters, numbers, and .-_@ please.):
  app/controllers/users_controller.rb:13:in `create_xml'

Rendered rescues/_trace (62.0ms)
Rendered rescues/_request_and_response (0.0ms)
Rendering rescues/layout (unprocessable_entity)
  [4;35;1mSQL (0.0ms)[0m   [0mSET NAMES 'utf8'[0m
  [4;36;1mSQL (0.0ms)[0m   [0;1mSET SQL_AUTO_IS_NULL=0[0m


Processing SessionsController#create_xml (for 127.0.0.1 at 2010-11-02 18:54:05) [POST]
  Parameters: {"login"=>"vineeth", "password"=>"vineeth"}

ActionController::InvalidAuthenticityToken (ActionController::InvalidAuthenticityToken):
  

Rendered rescues/_trace (78.0ms)
Rendered rescues/_request_and_response (0.0ms)
Rendering rescues/layout (unprocessable_entity)
  [4;35;1mSQL (0.0ms)[0m   [0mSET NAMES 'utf8'[0m
  [4;36;1mSQL (0.0ms)[0m   [0;1mSET SQL_AUTO_IS_NULL=0[0m


Processing UsersController#create_xml (for 127.0.0.1 at 2010-11-02 18:54:09) [POST]
  Parameters: {"user"=>{"password_confirmation"=>"vineeth", "first_name"=>"Vineeth", "password"=>"Pradhan", "login"=>"(loginTI.text}", "last_name"=>"Pradhan", "email"=>"vineeth@gmail.com"}}
  [4;35;1mUser Columns (0.0ms)[0m   [0mSHOW FIELDS FROM `users`[0m
WARNING: Can't mass-assign these protected attributes: first_name, last_name
  [4;36;1mSQL (16.0ms)[0m   [0;1mBEGIN[0m
  [4;35;1mUser Load (0.0ms)[0m   [0mSELECT `users`.id FROM `users` WHERE (`users`.`login` = BINARY '(loginti.text}') LIMIT 1[0m
  [4;36;1mUser Load (0.0ms)[0m   [0;1mSELECT `users`.id FROM `users` WHERE (`users`.`email` = BINARY 'vineeth@gmail.com') LIMIT 1[0m
  [4;35;1mSQL (0.0ms)[0m   [0mROLLBACK[0m

ActiveRecord::RecordInvalid (Validation failed: Password doesn't match confirmation, Login use only letters, numbers, and .-_@ please.):
  app/controllers/users_controller.rb:13:in `create_xml'

Rendered rescues/_trace (63.0ms)
Rendered rescues/_request_and_response (0.0ms)
Rendering rescues/layout (unprocessable_entity)
  [4;36;1mSQL (0.0ms)[0m   [0;1mSET NAMES 'utf8'[0m
  [4;35;1mSQL (0.0ms)[0m   [0mSET SQL_AUTO_IS_NULL=0[0m


Processing UsersController#create_xml (for 127.0.0.1 at 2010-11-02 18:54:11) [POST]
  Parameters: {"user"=>{"password_confirmation"=>"vineeth", "first_name"=>"Vineeth", "password"=>"Pradhan", "login"=>"(loginTI.text}", "last_name"=>"Pradhan", "email"=>"vineeth@gmail.com"}}
  [4;36;1mUser Columns (0.0ms)[0m   [0;1mSHOW FIELDS FROM `users`[0m
WARNING: Can't mass-assign these protected attributes: first_name, last_name
  [4;35;1mSQL (16.0ms)[0m   [0mBEGIN[0m
  [4;36;1mUser Load (0.0ms)[0m   [0;1mSELECT `users`.id FROM `users` WHERE (`users`.`login` = BINARY '(loginti.text}') LIMIT 1[0m
  [4;35;1mUser Load (0.0ms)[0m   [0mSELECT `users`.id FROM `users` WHERE (`users`.`email` = BINARY 'vineeth@gmail.com') LIMIT 1[0m
  [4;36;1mSQL (0.0ms)[0m   [0;1mROLLBACK[0m

ActiveRecord::RecordInvalid (Validation failed: Password doesn't match confirmation, Login use only letters, numbers, and .-_@ please.):
  app/controllers/users_controller.rb:13:in `create_xml'

Rendered rescues/_trace (63.0ms)
Rendered rescues/_request_and_response (0.0ms)
Rendering rescues/layout (unprocessable_entity)
  [4;35;1mSQL (0.0ms)[0m   [0mSET NAMES 'utf8'[0m
  [4;36;1mSQL (0.0ms)[0m   [0;1mSET SQL_AUTO_IS_NULL=0[0m


Processing UsersController#create_xml (for 127.0.0.1 at 2010-11-02 18:54:11) [POST]
  Parameters: {"user"=>{"password_confirmation"=>"vineeth", "first_name"=>"Vineeth", "password"=>"Pradhan", "login"=>"(loginTI.text}", "last_name"=>"Pradhan", "email"=>"vineeth@gmail.com"}}
  [4;35;1mUser Columns (0.0ms)[0m   [0mSHOW FIELDS FROM `users`[0m
WARNING: Can't mass-assign these protected attributes: first_name, last_name
  [4;36;1mSQL (15.0ms)[0m   [0;1mBEGIN[0m
  [4;35;1mUser Load (0.0ms)[0m   [0mSELECT `users`.id FROM `users` WHERE (`users`.`login` = BINARY '(loginti.text}') LIMIT 1[0m
  [4;36;1mUser Load (0.0ms)[0m   [0;1mSELECT `users`.id FROM `users` WHERE (`users`.`email` = BINARY 'vineeth@gmail.com') LIMIT 1[0m
  [4;35;1mSQL (0.0ms)[0m   [0mROLLBACK[0m

ActiveRecord::RecordInvalid (Validation failed: Password doesn't match confirmation, Login use only letters, numbers, and .-_@ please.):
  app/controllers/users_controller.rb:13:in `create_xml'

Rendered rescues/_trace (188.0ms)
Rendered rescues/_request_and_response (0.0ms)
Rendering rescues/layout (unprocessable_entity)
  [4;36;1mSQL (0.0ms)[0m   [0;1mSET NAMES 'utf8'[0m
  [4;35;1mSQL (0.0ms)[0m   [0mSET SQL_AUTO_IS_NULL=0[0m


Processing UsersController#create_xml (for 127.0.0.1 at 2010-11-02 18:54:33) [POST]
  Parameters: {"user"=>{"password_confirmation"=>"vineeth", "first_name"=>"vineeth", "password"=>"vineeth", "login"=>"(loginTI.text}", "last_name"=>"vineeth", "email"=>"vineeth"}}
  [4;36;1mUser Columns (0.0ms)[0m   [0;1mSHOW FIELDS FROM `users`[0m
WARNING: Can't mass-assign these protected attributes: first_name, last_name
  [4;35;1mSQL (0.0ms)[0m   [0mBEGIN[0m
  [4;36;1mUser Load (0.0ms)[0m   [0;1mSELECT `users`.id FROM `users` WHERE (`users`.`login` = BINARY '(loginti.text}') LIMIT 1[0m
  [4;35;1mUser Load (0.0ms)[0m   [0mSELECT `users`.id FROM `users` WHERE (`users`.`email` = BINARY 'vineeth') LIMIT 1[0m
  [4;36;1mSQL (0.0ms)[0m   [0;1mROLLBACK[0m

ActiveRecord::RecordInvalid (Validation failed: Login use only letters, numbers, and .-_@ please., Email should look like an email address.):
  app/controllers/users_controller.rb:13:in `create_xml'

Rendered rescues/_trace (62.0ms)
Rendered rescues/_request_and_response (0.0ms)
Rendering rescues/layout (unprocessable_entity)
  [4;35;1mSQL (0.0ms)[0m   [0mSET NAMES 'utf8'[0m
  [4;36;1mSQL (0.0ms)[0m   [0;1mSET SQL_AUTO_IS_NULL=0[0m


Processing UsersController#create_xml (for 127.0.0.1 at 2010-11-02 19:00:25) [POST]
  Parameters: {"user"=>{"password_confirmation"=>"vineeth", "first_name"=>"vineeth", "password"=>"vineeth", "login"=>"(loginTI.text}", "last_name"=>"vineeth", "email"=>"vineeth"}}
  [4;35;1mUser Columns (16.0ms)[0m   [0mSHOW FIELDS FROM `users`[0m
WARNING: Can't mass-assign these protected attributes: first_name, last_name
  [4;36;1mSQL (0.0ms)[0m   [0;1mBEGIN[0m
  [4;35;1mUser Load (0.0ms)[0m   [0mSELECT `users`.id FROM `users` WHERE (`users`.`login` = BINARY '(loginti.text}') LIMIT 1[0m
  [4;36;1mUser Load (0.0ms)[0m   [0;1mSELECT `users`.id FROM `users` WHERE (`users`.`email` = BINARY 'vineeth') LIMIT 1[0m
  [4;35;1mSQL (0.0ms)[0m   [0mROLLBACK[0m
Completed in 47ms (View: 0, DB: 16) | 200 OK [http://localhost/users/create_xml]
  [4;36;1mSQL (0.0ms)[0m   [0;1mSET NAMES 'utf8'[0m
  [4;35;1mSQL (0.0ms)[0m   [0mSET SQL_AUTO_IS_NULL=0[0m


Processing UsersController#create_xml (for 127.0.0.1 at 2010-11-02 19:00:56) [POST]
  Parameters: {"user"=>{"password_confirmation"=>"vineeth", "first_name"=>"vineeth", "password"=>"pradhan", "login"=>"(loginTI.text}", "last_name"=>"pradhan", "email"=>"vineeth@gmail.com"}}
  [4;36;1mUser Columns (0.0ms)[0m   [0;1mSHOW FIELDS FROM `users`[0m
WARNING: Can't mass-assign these protected attributes: first_name, last_name
  [4;35;1mSQL (0.0ms)[0m   [0mBEGIN[0m
  [4;36;1mUser Load (0.0ms)[0m   [0;1mSELECT `users`.id FROM `users` WHERE (`users`.`login` = BINARY '(loginti.text}') LIMIT 1[0m
  [4;35;1mUser Load (0.0ms)[0m   [0mSELECT `users`.id FROM `users` WHERE (`users`.`email` = BINARY 'vineeth@gmail.com') LIMIT 1[0m
  [4;36;1mSQL (0.0ms)[0m   [0;1mROLLBACK[0m
Completed in 47ms (View: 0, DB: 0) | 200 OK [http://localhost/users/create_xml]
  [4;35;1mSQL (0.0ms)[0m   [0mSET NAMES 'utf8'[0m
  [4;36;1mSQL (15.0ms)[0m   [0;1mSET SQL_AUTO_IS_NULL=0[0m


Processing UsersController#create_xml (for 127.0.0.1 at 2010-11-02 19:02:13) [POST]
  Parameters: {"user"=>{"password_confirmation"=>"vineeth", "first_name"=>"Vineeth", "password"=>"Pradhan", "login"=>"vineeth", "last_name"=>"Pradhan", "email"=>"vineeth@gmail.com"}}
  [4;35;1mUser Columns (16.0ms)[0m   [0mSHOW FIELDS FROM `users`[0m
WARNING: Can't mass-assign these protected attributes: first_name, last_name
  [4;36;1mSQL (0.0ms)[0m   [0;1mBEGIN[0m
  [4;35;1mUser Load (0.0ms)[0m   [0mSELECT `users`.id FROM `users` WHERE (`users`.`login` = BINARY 'vineeth') LIMIT 1[0m
  [4;36;1mUser Load (0.0ms)[0m   [0;1mSELECT `users`.id FROM `users` WHERE (`users`.`email` = BINARY 'vineeth@gmail.com') LIMIT 1[0m
  [4;35;1mSQL (0.0ms)[0m   [0mROLLBACK[0m
Completed in 47ms (View: 0, DB: 31) | 200 OK [http://localhost/users/create_xml]
  [4;36;1mSQL (0.0ms)[0m   [0;1mSET NAMES 'utf8'[0m
  [4;35;1mSQL (0.0ms)[0m   [0mSET SQL_AUTO_IS_NULL=0[0m


Processing UsersController#create_xml (for 127.0.0.1 at 2010-11-02 19:05:25) [POST]
  Parameters: {"user"=>{"password_confirmation"=>"vineeth", "first_name"=>"Vineeth", "password"=>"Pradhan", "login"=>"vineeth", "last_name"=>"Pradhan", "email"=>"vineeth@gmail.com"}}
  [4;36;1mUser Columns (0.0ms)[0m   [0;1mSHOW FIELDS FROM `users`[0m
  [4;35;1mSQL (16.0ms)[0m   [0mBEGIN[0m
  [4;36;1mUser Load (0.0ms)[0m   [0;1mSELECT `users`.id FROM `users` WHERE (`users`.`login` = BINARY 'vineeth') LIMIT 1[0m
  [4;35;1mUser Load (0.0ms)[0m   [0mSELECT `users`.id FROM `users` WHERE (`users`.`email` = BINARY 'vineeth@gmail.com') LIMIT 1[0m
  [4;36;1mSQL (0.0ms)[0m   [0;1mROLLBACK[0m
Completed in 62ms (View: 0, DB: 16) | 200 OK [http://localhost/users/create_xml]
  [4;35;1mSQL (0.0ms)[0m   [0mSET NAMES 'utf8'[0m
  [4;36;1mSQL (0.0ms)[0m   [0;1mSET SQL_AUTO_IS_NULL=0[0m


Processing UsersController#create_xml (for 127.0.0.1 at 2010-11-02 19:05:36) [POST]
  Parameters: {"user"=>{"password_confirmation"=>"v", "first_name"=>"v", "password"=>"v", "login"=>"v", "last_name"=>"v", "email"=>"v"}}
  [4;35;1mUser Columns (0.0ms)[0m   [0mSHOW FIELDS FROM `users`[0m
  [4;36;1mSQL (15.0ms)[0m   [0;1mBEGIN[0m
  [4;35;1mUser Load (0.0ms)[0m   [0mSELECT `users`.id FROM `users` WHERE (`users`.`login` = BINARY 'v') LIMIT 1[0m
  [4;36;1mUser Load (0.0ms)[0m   [0;1mSELECT `users`.id FROM `users` WHERE (`users`.`email` = BINARY 'v') LIMIT 1[0m
  [4;35;1mSQL (0.0ms)[0m   [0mROLLBACK[0m
Completed in 62ms (View: 0, DB: 15) | 200 OK [http://localhost/users/create_xml]
  [4;36;1mSQL (0.0ms)[0m   [0;1mSET NAMES 'utf8'[0m
  [4;35;1mSQL (0.0ms)[0m   [0mSET SQL_AUTO_IS_NULL=0[0m


Processing UsersController#create_xml (for 127.0.0.1 at 2010-11-02 19:07:09) [POST]
  Parameters: {"user"=>{"password_confirmation"=>"v", "first_name"=>"v", "password"=>"v", "login"=>"v", "last_name"=>"v", "email"=>"v"}}
  [4;36;1mUser Columns (0.0ms)[0m   [0;1mSHOW FIELDS FROM `users`[0m
  [4;35;1mSQL (0.0ms)[0m   [0mBEGIN[0m
  [4;36;1mUser Load (0.0ms)[0m   [0;1mSELECT `users`.id FROM `users` WHERE (`users`.`login` = BINARY 'v') LIMIT 1[0m
  [4;35;1mUser Load (0.0ms)[0m   [0mSELECT `users`.id FROM `users` WHERE (`users`.`email` = BINARY 'v') LIMIT 1[0m
  [4;36;1mSQL (0.0ms)[0m   [0;1mROLLBACK[0m
Completed in 94ms (View: 0, DB: 0) | 200 OK [http://localhost/users/create_xml]
  [4;35;1mSQL (0.0ms)[0m   [0mSET NAMES 'utf8'[0m
  [4;36;1mSQL (0.0ms)[0m   [0;1mSET SQL_AUTO_IS_NULL=0[0m


Processing UsersController#create_xml (for 127.0.0.1 at 2010-11-02 19:09:53) [POST]
  Parameters: {"user"=>{"password_confirmation"=>"v", "first_name"=>"v", "password"=>"v", "login"=>"v", "last_name"=>"v", "email"=>"v"}}
  [4;35;1mUser Columns (16.0ms)[0m   [0mSHOW FIELDS FROM `users`[0m
  [4;36;1mSQL (0.0ms)[0m   [0;1mBEGIN[0m
  [4;35;1mUser Load (0.0ms)[0m   [0mSELECT `users`.id FROM `users` WHERE (`users`.`login` = BINARY 'v') LIMIT 1[0m
  [4;36;1mUser Load (0.0ms)[0m   [0;1mSELECT `users`.id FROM `users` WHERE (`users`.`email` = BINARY 'v') LIMIT 1[0m
  [4;35;1mSQL (0.0ms)[0m   [0mROLLBACK[0m
Completed in 62ms (View: 15, DB: 16) | 200 OK [http://localhost/users/create_xml]
  [4;36;1mSQL (0.0ms)[0m   [0;1mSET NAMES 'utf8'[0m
  [4;35;1mSQL (0.0ms)[0m   [0mSET SQL_AUTO_IS_NULL=0[0m


Processing UsersController#create_xml (for 127.0.0.1 at 2010-11-02 19:10:20) [POST]
  Parameters: {"user"=>{"password_confirmation"=>"vineeth", "first_name"=>"Vineeth", "password"=>"Pradhan", "login"=>"vineeth", "last_name"=>"Pradhan", "email"=>"vineeth@gmail.com"}}
  [4;36;1mUser Columns (0.0ms)[0m   [0;1mSHOW FIELDS FROM `users`[0m
  [4;35;1mSQL (0.0ms)[0m   [0mBEGIN[0m
  [4;36;1mUser Load (0.0ms)[0m   [0;1mSELECT `users`.id FROM `users` WHERE (`users`.`login` = BINARY 'vineeth') LIMIT 1[0m
  [4;35;1mUser Load (0.0ms)[0m   [0mSELECT `users`.id FROM `users` WHERE (`users`.`email` = BINARY 'vineeth@gmail.com') LIMIT 1[0m
  [4;36;1mSQL (0.0ms)[0m   [0;1mROLLBACK[0m
Completed in 47ms (View: 0, DB: 0) | 200 OK [http://localhost/users/create_xml]
  [4;35;1mSQL (0.0ms)[0m   [0mSET NAMES 'utf8'[0m
  [4;36;1mSQL (0.0ms)[0m   [0;1mSET SQL_AUTO_IS_NULL=0[0m


Processing UsersController#create_xml (for 127.0.0.1 at 2010-11-02 19:10:31) [POST]
  Parameters: {"user"=>{"password_confirmation"=>"vineeth", "first_name"=>"Vineeth", "password"=>"Pradhan", "login"=>"vineeth", "last_name"=>"Pradhan", "email"=>"vineeth@gmail.com"}}
  [4;35;1mUser Columns (0.0ms)[0m   [0mSHOW FIELDS FROM `users`[0m
  [4;36;1mSQL (0.0ms)[0m   [0;1mBEGIN[0m
  [4;35;1mUser Load (0.0ms)[0m   [0mSELECT `users`.id FROM `users` WHERE (`users`.`login` = BINARY 'vineeth') LIMIT 1[0m
  [4;36;1mUser Load (0.0ms)[0m   [0;1mSELECT `users`.id FROM `users` WHERE (`users`.`email` = BINARY 'vineeth@gmail.com') LIMIT 1[0m
  [4;35;1mSQL (0.0ms)[0m   [0mROLLBACK[0m
Completed in 47ms (View: 0, DB: 0) | 200 OK [http://localhost/users/create_xml]
  [4;36;1mSQL (0.0ms)[0m   [0;1mSET NAMES 'utf8'[0m
  [4;35;1mSQL (0.0ms)[0m   [0mSET SQL_AUTO_IS_NULL=0[0m


Processing UsersController#create_xml (for 127.0.0.1 at 2010-11-02 19:12:26) [POST]
  Parameters: {"user"=>{"password_confirmation"=>"vineeth", "first_name"=>"Vineeth", "password"=>"Pradhan", "login"=>"vineeth", "last_name"=>"Pradhan", "email"=>"vineeth@gmail.com"}}
  [4;36;1mUser Columns (0.0ms)[0m   [0;1mSHOW FIELDS FROM `users`[0m
  [4;35;1mSQL (0.0ms)[0m   [0mBEGIN[0m
  [4;36;1mUser Load (0.0ms)[0m   [0;1mSELECT `users`.id FROM `users` WHERE (`users`.`login` = BINARY 'vineeth') LIMIT 1[0m
  [4;35;1mUser Load (0.0ms)[0m   [0mSELECT `users`.id FROM `users` WHERE (`users`.`email` = BINARY 'vineeth@gmail.com') LIMIT 1[0m
  [4;36;1mSQL (0.0ms)[0m   [0;1mROLLBACK[0m

ActiveRecord::RecordInvalid (Validation failed: Password doesn't match confirmation):
  app/controllers/users_controller.rb:13:in `create_xml'

Rendered rescues/_trace (63.0ms)
Rendered rescues/_request_and_response (15.0ms)
Rendering rescues/layout (unprocessable_entity)
  [4;35;1mSQL (0.0ms)[0m   [0mSET NAMES 'utf8'[0m
  [4;36;1mSQL (0.0ms)[0m   [0;1mSET SQL_AUTO_IS_NULL=0[0m


Processing UsersController#create_xml (for 127.0.0.1 at 2010-11-02 19:13:11) [POST]
  Parameters: {"user"=>{"password_confirmation"=>"vineeth", "first_name"=>"Vineeth", "password"=>"Pradhan", "login"=>"vineeth", "last_name"=>"Pradhan", "email"=>"vineeth@gmail.com"}}
  [4;35;1mUser Columns (0.0ms)[0m   [0mSHOW FIELDS FROM `users`[0m
  [4;36;1mSQL (0.0ms)[0m   [0;1mBEGIN[0m
  [4;35;1mUser Load (0.0ms)[0m   [0mSELECT `users`.id FROM `users` WHERE (`users`.`login` = BINARY 'vineeth') LIMIT 1[0m
  [4;36;1mUser Load (0.0ms)[0m   [0;1mSELECT `users`.id FROM `users` WHERE (`users`.`email` = BINARY 'vineeth@gmail.com') LIMIT 1[0m
  [4;35;1mSQL (0.0ms)[0m   [0mROLLBACK[0m

ActiveRecord::RecordInvalid (Validation failed: Password doesn't match confirmation):
  app/controllers/users_controller.rb:13:in `create_xml'

Rendered rescues/_trace (188.0ms)
Rendered rescues/_request_and_response (0.0ms)
Rendering rescues/layout (unprocessable_entity)
  [4;36;1mSQL (0.0ms)[0m   [0;1mSET NAMES 'utf8'[0m
  [4;35;1mSQL (0.0ms)[0m   [0mSET SQL_AUTO_IS_NULL=0[0m


Processing UsersController#create_xml (for 127.0.0.1 at 2010-11-02 19:15:37) [POST]
  Parameters: {"user"=>{"password_confirmation"=>"vineeth", "first_name"=>"Vineeth", "password"=>"Pradhan", "login"=>"vineeth", "last_name"=>"Pradhan", "email"=>"vineeth@gmail.com"}}
  [4;36;1mUser Columns (16.0ms)[0m   [0;1mSHOW FIELDS FROM `users`[0m
  [4;35;1mSQL (0.0ms)[0m   [0mBEGIN[0m
  [4;36;1mUser Load (0.0ms)[0m   [0;1mSELECT `users`.id FROM `users` WHERE (`users`.`login` = BINARY 'vineeth') LIMIT 1[0m
  [4;35;1mUser Load (0.0ms)[0m   [0mSELECT `users`.id FROM `users` WHERE (`users`.`email` = BINARY 'vineeth@gmail.com') LIMIT 1[0m
  [4;36;1mSQL (0.0ms)[0m   [0;1mROLLBACK[0m

ActiveRecord::RecordInvalid (Validation failed: Password doesn't match confirmation):
  app/controllers/users_controller.rb:13:in `create_xml'

Rendered rescues/_trace (78.0ms)
Rendered rescues/_request_and_response (0.0ms)
Rendering rescues/layout (unprocessable_entity)
  [4;35;1mSQL (0.0ms)[0m   [0mSET NAMES 'utf8'[0m
  [4;36;1mSQL (0.0ms)[0m   [0;1mSET SQL_AUTO_IS_NULL=0[0m


Processing UsersController#create_xml (for 127.0.0.1 at 2010-11-02 19:16:24) [POST]
  Parameters: {"user"=>{"password_confirmation"=>"vineeth", "first_name"=>"Vineeth", "password"=>"vineeth", "login"=>"vineeth", "last_name"=>"Pradhan", "email"=>"vineeth@gmail.com"}}
  [4;35;1mUser Columns (15.0ms)[0m   [0mSHOW FIELDS FROM `users`[0m
  [4;36;1mSQL (0.0ms)[0m   [0;1mBEGIN[0m
  [4;35;1mUser Load (0.0ms)[0m   [0mSELECT `users`.id FROM `users` WHERE (`users`.`login` = BINARY 'vineeth') LIMIT 1[0m
  [4;36;1mUser Load (0.0ms)[0m   [0;1mSELECT `users`.id FROM `users` WHERE (`users`.`email` = BINARY 'vineeth@gmail.com') LIMIT 1[0m
  [4;35;1mUser Create (125.0ms)[0m   [0mINSERT INTO `users` (`name`, `salt`, `updated_at`, `crypted_password`, `remember_token_expires_at`, `remember_token`, `first_name`, `login`, `last_name`, `email`, `created_at`) VALUES('', 'a792e57d1c7a799aed2a0a544d99b03ab69c8940', '2010-11-02 13:46:24', 'a541db736f346f254f7ba1a27f9dda706c9be62c', NULL, NULL, 'Vineeth', 'vineeth', 'Pradhan', 'vineeth@gmail.com', '2010-11-02 13:46:24')[0m
  [4;36;1mSQL (31.0ms)[0m   [0;1mCOMMIT[0m
Completed in 641ms (View: 0, DB: 171) | 200 OK [http://localhost/users/create_xml]
  [4;35;1mSQL (0.0ms)[0m   [0mSET NAMES 'utf8'[0m
  [4;36;1mSQL (0.0ms)[0m   [0;1mSET SQL_AUTO_IS_NULL=0[0m


Processing SessionsController#create_xml (for 127.0.0.1 at 2010-11-02 19:18:12) [POST]
  Parameters: {"login"=>"vineeth", "password"=>"vineeth"}

ActionController::InvalidAuthenticityToken (ActionController::InvalidAuthenticityToken):
  

Rendered rescues/_trace (78.0ms)
Rendered rescues/_request_and_response (0.0ms)
Rendering rescues/layout (unprocessable_entity)
  [4;35;1mSQL (0.0ms)[0m   [0mSET NAMES 'utf8'[0m
  [4;36;1mSQL (0.0ms)[0m   [0;1mSET SQL_AUTO_IS_NULL=0[0m


Processing SessionsController#create_xml (for 127.0.0.1 at 2010-11-02 19:24:48) [POST]
  Parameters: {"login"=>"vineeth", "password"=>"vineeth"}

ActionController::InvalidAuthenticityToken (ActionController::InvalidAuthenticityToken):
  

Rendered rescues/_trace (62.0ms)
Rendered rescues/_request_and_response (0.0ms)
Rendering rescues/layout (unprocessable_entity)
  [4;35;1mSQL (0.0ms)[0m   [0mSET NAMES 'utf8'[0m
  [4;36;1mSQL (0.0ms)[0m   [0;1mSET SQL_AUTO_IS_NULL=0[0m


Processing SessionsController#create_xml (for 127.0.0.1 at 2010-11-02 19:25:13) [POST]
  Parameters: {"login"=>"vineeth", "password"=>"vineeth"}

ActionController::InvalidAuthenticityToken (ActionController::InvalidAuthenticityToken):
  

Rendered rescues/_trace (47.0ms)
Rendered rescues/_request_and_response (16.0ms)
Rendering rescues/layout (unprocessable_entity)
  [4;35;1mSQL (0.0ms)[0m   [0mSET NAMES 'utf8'[0m
  [4;36;1mSQL (0.0ms)[0m   [0;1mSET SQL_AUTO_IS_NULL=0[0m


Processing SessionsController#create_xml (for 127.0.0.1 at 2010-11-02 19:25:13) [POST]
  Parameters: {"login"=>"vineeth", "password"=>"vineeth"}

ActionController::InvalidAuthenticityToken (ActionController::InvalidAuthenticityToken):
  

Rendered rescues/_trace (62.0ms)
Rendered rescues/_request_and_response (0.0ms)
Rendering rescues/layout (unprocessable_entity)
  [4;35;1mSQL (0.0ms)[0m   [0mSET NAMES 'utf8'[0m
  [4;36;1mSQL (0.0ms)[0m   [0;1mSET SQL_AUTO_IS_NULL=0[0m


Processing SessionsController#create_xml (for 127.0.0.1 at 2010-11-02 19:25:14) [POST]
  Parameters: {"login"=>"vineeth", "password"=>"vineeth"}

ActionController::InvalidAuthenticityToken (ActionController::InvalidAuthenticityToken):
  

Rendered rescues/_trace (204.0ms)
Rendered rescues/_request_and_response (0.0ms)
Rendering rescues/layout (unprocessable_entity)
  [4;35;1mSQL (0.0ms)[0m   [0mSET NAMES 'utf8'[0m
  [4;36;1mSQL (0.0ms)[0m   [0;1mSET SQL_AUTO_IS_NULL=0[0m


Processing SessionsController#create_xml (for 127.0.0.1 at 2010-11-02 19:25:15) [POST]
  Parameters: {"login"=>"vineeth", "password"=>"vineeth"}

ActionController::InvalidAuthenticityToken (ActionController::InvalidAuthenticityToken):
  

Rendered rescues/_trace (62.0ms)
Rendered rescues/_request_and_response (0.0ms)
Rendering rescues/layout (unprocessable_entity)
  [4;35;1mSQL (0.0ms)[0m   [0mSET NAMES 'utf8'[0m
  [4;36;1mSQL (0.0ms)[0m   [0;1mSET SQL_AUTO_IS_NULL=0[0m


Processing ApplicationController#create_xml (for 127.0.0.1 at 2010-11-02 19:28:38) [POST]
  Parameters: {"login"=>"vineeth", "password"=>"vineeth"}

SyntaxError (D:/FlexAndRailsPractice/pomodo/app/controllers/sessions_controller.rb:64: syntax error, unexpected $end, expecting kEND):
  

Rendered rescues/_trace (47.0ms)
Rendered rescues/_request_and_response (0.0ms)
Rendering rescues/layout (internal_server_error)
  [4;35;1mSQL (0.0ms)[0m   [0mSET NAMES 'utf8'[0m
  [4;36;1mSQL (0.0ms)[0m   [0;1mSET SQL_AUTO_IS_NULL=0[0m


Processing ApplicationController#create_xml (for 127.0.0.1 at 2010-11-02 19:28:49) [POST]
  Parameters: {"login"=>"vineeth", "password"=>"vineeth"}

SyntaxError (D:/FlexAndRailsPractice/pomodo/app/controllers/sessions_controller.rb:64: syntax error, unexpected $end, expecting kEND):
  

Rendered rescues/_trace (63.0ms)
Rendered rescues/_request_and_response (0.0ms)
Rendering rescues/layout (internal_server_error)
  [4;35;1mSQL (0.0ms)[0m   [0mSET NAMES 'utf8'[0m
  [4;36;1mSQL (0.0ms)[0m   [0;1mSET SQL_AUTO_IS_NULL=0[0m


Processing ApplicationController#create_xml (for 127.0.0.1 at 2010-11-02 19:28:53) [POST]
  Parameters: {"login"=>"vineeth", "password"=>"vineeth"}

SyntaxError (D:/FlexAndRailsPractice/pomodo/app/controllers/sessions_controller.rb:64: syntax error, unexpected $end, expecting kEND):
  

Rendered rescues/_trace (47.0ms)
Rendered rescues/_request_and_response (16.0ms)
Rendering rescues/layout (internal_server_error)
  [4;35;1mSQL (0.0ms)[0m   [0mSET NAMES 'utf8'[0m
  [4;36;1mSQL (0.0ms)[0m   [0;1mSET SQL_AUTO_IS_NULL=0[0m


Processing SessionsController#create_xml (for 127.0.0.1 at 2010-11-02 19:29:33) [POST]
  Parameters: {"login"=>"vineeth", "password"=>"vineeth"}

ActionController::InvalidAuthenticityToken (ActionController::InvalidAuthenticityToken):
  

Rendered rescues/_trace (63.0ms)
Rendered rescues/_request_and_response (0.0ms)
Rendering rescues/layout (unprocessable_entity)
  [4;35;1mSQL (0.0ms)[0m   [0mSET NAMES 'utf8'[0m
  [4;36;1mSQL (0.0ms)[0m   [0;1mSET SQL_AUTO_IS_NULL=0[0m


Processing SessionsController#create_xml (for 127.0.0.1 at 2010-11-02 19:29:43) [POST]
  Parameters: {"login"=>"vineeth", "password"=>"vineeth"}

ActionController::InvalidAuthenticityToken (ActionController::InvalidAuthenticityToken):
  

Rendered rescues/_trace (62.0ms)
Rendered rescues/_request_and_response (0.0ms)
Rendering rescues/layout (unprocessable_entity)
  [4;35;1mSQL (0.0ms)[0m   [0mSET NAMES 'utf8'[0m
  [4;36;1mSQL (0.0ms)[0m   [0;1mSET SQL_AUTO_IS_NULL=0[0m


Processing SessionsController#create_xml (for 127.0.0.1 at 2010-11-02 19:30:27) [POST]
  Parameters: {"login"=>"porsamini", "password"=>"vineeth"}

ActionController::InvalidAuthenticityToken (ActionController::InvalidAuthenticityToken):
  

Rendered rescues/_trace (203.0ms)
Rendered rescues/_request_and_response (0.0ms)
Rendering rescues/layout (unprocessable_entity)
  [4;35;1mSQL (0.0ms)[0m   [0mSET NAMES 'utf8'[0m
  [4;36;1mSQL (0.0ms)[0m   [0;1mSET SQL_AUTO_IS_NULL=0[0m


Processing SessionsController#create_xml (for 127.0.0.1 at 2010-11-02 19:34:25) [POST]
  Parameters: {"login"=>"porsamini", "password"=>"vineeth"}
  [4;35;1mUser Columns (47.0ms)[0m   [0mSHOW FIELDS FROM `users`[0m
  [4;36;1mUser Load (16.0ms)[0m   [0;1mSELECT * FROM `users` WHERE (`users`.`login` = 'porsamini') LIMIT 1[0m
Completed in 172ms (View: 0, DB: 63) | 200 OK [http://localhost/sessions/create_xml]
  [4;35;1mSQL (0.0ms)[0m   [0mSET NAMES 'utf8'[0m
  [4;36;1mSQL (0.0ms)[0m   [0;1mSET SQL_AUTO_IS_NULL=0[0m


Processing SessionsController#create_xml (for 127.0.0.1 at 2010-11-02 19:34:42) [POST]
  Parameters: {"password"=>"vineeth", "login"=>"porsamini"}
  [4;35;1mUser Columns (0.0ms)[0m   [0mSHOW FIELDS FROM `users`[0m
  [4;36;1mUser Load (0.0ms)[0m   [0;1mSELECT * FROM `users` WHERE (`users`.`login` = 'porsamini') LIMIT 1[0m
Completed in 47ms (View: 0, DB: 0) | 200 OK [http://localhost/sessions/create_xml]
  [4;35;1mSQL (0.0ms)[0m   [0mSET NAMES 'utf8'[0m
  [4;36;1mSQL (0.0ms)[0m   [0;1mSET SQL_AUTO_IS_NULL=0[0m


Processing SessionsController#create_xml (for 127.0.0.1 at 2010-11-02 19:35:53) [POST]
  Parameters: {"password"=>"wgqg", "login"=>"porsamini"}
  [4;35;1mUser Columns (0.0ms)[0m   [0mSHOW FIELDS FROM `users`[0m
  [4;36;1mUser Load (0.0ms)[0m   [0;1mSELECT * FROM `users` WHERE (`users`.`login` = 'porsamini') LIMIT 1[0m

ActionView::MissingTemplate (Missing template sessions/create_xml.erb in view path app/views):
  

Rendering rescues/layout (internal_server_error)
  [4;35;1mSQL (0.0ms)[0m   [0mSET NAMES 'utf8'[0m
  [4;36;1mSQL (0.0ms)[0m   [0;1mSET SQL_AUTO_IS_NULL=0[0m


Processing SessionsController#create_xml (for 127.0.0.1 at 2010-11-02 19:35:58) [POST]
  Parameters: {"password"=>"wgqg", "login"=>"porsamini"}
  [4;35;1mUser Columns (0.0ms)[0m   [0mSHOW FIELDS FROM `users`[0m
  [4;36;1mUser Load (0.0ms)[0m   [0;1mSELECT * FROM `users` WHERE (`users`.`login` = 'porsamini') LIMIT 1[0m

ActionView::MissingTemplate (Missing template sessions/create_xml.erb in view path app/views):
  

Rendering rescues/layout (internal_server_error)
  [4;35;1mSQL (0.0ms)[0m   [0mSET NAMES 'utf8'[0m
  [4;36;1mSQL (0.0ms)[0m   [0;1mSET SQL_AUTO_IS_NULL=0[0m


Processing SessionsController#create_xml (for 127.0.0.1 at 2010-11-02 19:36:06) [POST]
  Parameters: {"login"=>"po", "password"=>""}

ActionView::MissingTemplate (Missing template sessions/create_xml.erb in view path app/views):
  

Rendering rescues/layout (internal_server_error)
  [4;35;1mSQL (0.0ms)[0m   [0mSET NAMES 'utf8'[0m
  [4;36;1mSQL (0.0ms)[0m   [0;1mSET SQL_AUTO_IS_NULL=0[0m


Processing SessionsController#create_xml (for 127.0.0.1 at 2010-11-02 19:39:01) [POST]
  Parameters: {"login"=>"por", "password"=>""}

ActionView::MissingTemplate (Missing template sessions/create_xml.erb in view path app/views):
  

Rendering rescues/layout (internal_server_error)
  [4;35;1mSQL (0.0ms)[0m   [0mSET NAMES 'utf8'[0m
  [4;36;1mSQL (0.0ms)[0m   [0;1mSET SQL_AUTO_IS_NULL=0[0m


Processing SessionsController#create_xml (for 127.0.0.1 at 2010-11-02 19:39:04) [POST]
  Parameters: {"login"=>"por", "password"=>""}

ActionView::MissingTemplate (Missing template sessions/create_xml.erb in view path app/views):
  

Rendering rescues/layout (internal_server_error)
  [4;35;1mSQL (0.0ms)[0m   [0mSET NAMES 'utf8'[0m
  [4;36;1mSQL (0.0ms)[0m   [0;1mSET SQL_AUTO_IS_NULL=0[0m


Processing SessionsController#create_xml (for 127.0.0.1 at 2010-11-02 19:39:04) [POST]
  Parameters: {"login"=>"por", "password"=>""}

ActionView::MissingTemplate (Missing template sessions/create_xml.erb in view path app/views):
  

Rendering rescues/layout (internal_server_error)
  [4;35;1mSQL (0.0ms)[0m   [0mSET NAMES 'utf8'[0m
  [4;36;1mSQL (0.0ms)[0m   [0;1mSET SQL_AUTO_IS_NULL=0[0m


Processing SessionsController#create_xml (for 127.0.0.1 at 2010-11-02 19:40:11) [POST]
  Parameters: {"login"=>"por", "password"=>""}

ActionView::MissingTemplate (Missing template sessions/create_xml.erb in view path app/views):
  

Rendering rescues/layout (internal_server_error)
  [4;35;1mSQL (0.0ms)[0m   [0mSET NAMES 'utf8'[0m
  [4;36;1mSQL (0.0ms)[0m   [0;1mSET SQL_AUTO_IS_NULL=0[0m


Processing SessionsController#create_xml (for 127.0.0.1 at 2010-11-02 19:57:37) [POST]
  Parameters: {"login"=>"porsamini", "password"=>"vineeth"}
  [4;35;1mUser Columns (16.0ms)[0m   [0mSHOW FIELDS FROM `users`[0m
  [4;36;1mUser Load (0.0ms)[0m   [0;1mSELECT * FROM `users` WHERE (`users`.`login` = 'porsamini') LIMIT 1[0m
Completed in 47ms (View: 15, DB: 16) | 200 OK [http://localhost/sessions/create_xml]
  [4;35;1mSQL (0.0ms)[0m   [0mSET NAMES 'utf8'[0m
  [4;36;1mSQL (0.0ms)[0m   [0;1mSET SQL_AUTO_IS_NULL=0[0m


Processing SessionsController#create_xml (for 127.0.0.1 at 2010-11-02 19:58:00) [POST]
  Parameters: {"login"=>"porsamini", "password"=>"aaa"}
  [4;35;1mUser Columns (15.0ms)[0m   [0mSHOW FIELDS FROM `users`[0m
  [4;36;1mUser Load (0.0ms)[0m   [0;1mSELECT * FROM `users` WHERE (`users`.`login` = 'porsamini') LIMIT 1[0m

ActionView::MissingTemplate (Missing template sessions/create_xml.erb in view path app/views):
  

Rendering rescues/layout (internal_server_error)
  [4;35;1mSQL (0.0ms)[0m   [0mSET NAMES 'utf8'[0m
  [4;36;1mSQL (0.0ms)[0m   [0;1mSET SQL_AUTO_IS_NULL=0[0m


Processing SessionsController#create_xml (for 127.0.0.1 at 2010-11-02 19:59:31) [POST]
  Parameters: {"login"=>"porsamini", "password"=>"aaa"}
  [4;35;1mUser Columns (0.0ms)[0m   [0mSHOW FIELDS FROM `users`[0m
  [4;36;1mUser Load (16.0ms)[0m   [0;1mSELECT * FROM `users` WHERE (`users`.`login` = 'porsamini') LIMIT 1[0m

ActionView::MissingTemplate (Missing template sessions/create_xml.erb in view path app/views):
  

Rendering rescues/layout (internal_server_error)
  [4;35;1mSQL (0.0ms)[0m   [0mSET NAMES 'utf8'[0m
  [4;36;1mSQL (0.0ms)[0m   [0;1mSET SQL_AUTO_IS_NULL=0[0m


Processing SessionsController#create_xml (for 127.0.0.1 at 2010-11-02 19:59:38) [POST]
  Parameters: {"login"=>"porsamini", "password"=>"vineeth"}
  [4;35;1mUser Columns (0.0ms)[0m   [0mSHOW FIELDS FROM `users`[0m
  [4;36;1mUser Load (0.0ms)[0m   [0;1mSELECT * FROM `users` WHERE (`users`.`login` = 'porsamini') LIMIT 1[0m
Completed in 47ms (View: 0, DB: 0) | 200 OK [http://localhost/sessions/create_xml]
  [4;35;1mSQL (0.0ms)[0m   [0mSET NAMES 'utf8'[0m
  [4;36;1mSQL (0.0ms)[0m   [0;1mSET SQL_AUTO_IS_NULL=0[0m


Processing SessionsController#create_xml (for 127.0.0.1 at 2010-11-02 19:59:57) [POST]
  Parameters: {"login"=>"porsamini", "password"=>"vvinin"}
  [4;35;1mUser Columns (0.0ms)[0m   [0mSHOW FIELDS FROM `users`[0m
  [4;36;1mUser Load (15.0ms)[0m   [0;1mSELECT * FROM `users` WHERE (`users`.`login` = 'porsamini') LIMIT 1[0m

ActionView::MissingTemplate (Missing template sessions/create_xml.erb in view path app/views):
  

Rendering rescues/layout (internal_server_error)
  [4;35;1mSQL (0.0ms)[0m   [0mSET NAMES 'utf8'[0m
  [4;36;1mSQL (0.0ms)[0m   [0;1mSET SQL_AUTO_IS_NULL=0[0m


Processing SessionsController#create_xml (for 127.0.0.1 at 2010-11-02 20:02:58) [POST]
  Parameters: {"login"=>"porsamini", "password"=>"vvinin"}
  [4;35;1mUser Columns (47.0ms)[0m   [0mSHOW FIELDS FROM `users`[0m
  [4;36;1mUser Load (15.0ms)[0m   [0;1mSELECT * FROM `users` WHERE (`users`.`login` = 'porsamini') LIMIT 1[0m

ActionView::MissingTemplate (Missing template sessions/create_xml.erb in view path app/views):
  

Rendering rescues/layout (internal_server_error)
  [4;35;1mSQL (0.0ms)[0m   [0mSET NAMES 'utf8'[0m
  [4;36;1mSQL (0.0ms)[0m   [0;1mSET SQL_AUTO_IS_NULL=0[0m


Processing ApplicationController#create_xml (for 127.0.0.1 at 2010-11-02 20:06:54) [POST]
  Parameters: {"login"=>"porsamini", "password"=>"vvinin"}

SyntaxError (D:/FlexAndRailsPractice/pomodo/app/controllers/sessions_controller.rb:55: syntax error, unexpected kEND, expecting $end):
  

Rendered rescues/_trace (47.0ms)
Rendered rescues/_request_and_response (0.0ms)
Rendering rescues/layout (internal_server_error)
  [4;35;1mSQL (0.0ms)[0m   [0mSET NAMES 'utf8'[0m
  [4;36;1mSQL (0.0ms)[0m   [0;1mSET SQL_AUTO_IS_NULL=0[0m


Processing ApplicationController#create_xml (for 127.0.0.1 at 2010-11-02 20:06:56) [POST]
  Parameters: {"login"=>"porsamini", "password"=>"vvinin"}

SyntaxError (D:/FlexAndRailsPractice/pomodo/app/controllers/sessions_controller.rb:55: syntax error, unexpected kEND, expecting $end):
  

Rendered rescues/_trace (47.0ms)
Rendered rescues/_request_and_response (0.0ms)
Rendering rescues/layout (internal_server_error)
  [4;35;1mSQL (0.0ms)[0m   [0mSET NAMES 'utf8'[0m
  [4;36;1mSQL (0.0ms)[0m   [0;1mSET SQL_AUTO_IS_NULL=0[0m


Processing ApplicationController#create_xml (for 127.0.0.1 at 2010-11-02 20:07:01) [POST]
  Parameters: {"login"=>"porsamini", "password"=>"vineeth"}

SyntaxError (D:/FlexAndRailsPractice/pomodo/app/controllers/sessions_controller.rb:55: syntax error, unexpected kEND, expecting $end):
  

Rendered rescues/_trace (46.0ms)
Rendered rescues/_request_and_response (16.0ms)
Rendering rescues/layout (internal_server_error)
  [4;35;1mSQL (0.0ms)[0m   [0mSET NAMES 'utf8'[0m
  [4;36;1mSQL (0.0ms)[0m   [0;1mSET SQL_AUTO_IS_NULL=0[0m


Processing ApplicationController#create_xml (for 127.0.0.1 at 2010-11-02 20:07:02) [POST]
  Parameters: {"login"=>"porsamini", "password"=>"vineeth"}

SyntaxError (D:/FlexAndRailsPractice/pomodo/app/controllers/sessions_controller.rb:55: syntax error, unexpected kEND, expecting $end):
  

Rendered rescues/_trace (187.0ms)
Rendered rescues/_request_and_response (0.0ms)
Rendering rescues/layout (internal_server_error)
  [4;35;1mSQL (0.0ms)[0m   [0mSET NAMES 'utf8'[0m
  [4;36;1mSQL (0.0ms)[0m   [0;1mSET SQL_AUTO_IS_NULL=0[0m


Processing ApplicationController#create_xml (for 127.0.0.1 at 2010-11-02 20:07:10) [POST]
  Parameters: {"login"=>"porsamini", "password"=>"vineeth"}

SyntaxError (D:/FlexAndRailsPractice/pomodo/app/controllers/sessions_controller.rb:55: syntax error, unexpected kEND, expecting $end):
  

Rendered rescues/_trace (63.0ms)
Rendered rescues/_request_and_response (0.0ms)
Rendering rescues/layout (internal_server_error)
  [4;35;1mSQL (0.0ms)[0m   [0mSET NAMES 'utf8'[0m
  [4;36;1mSQL (0.0ms)[0m   [0;1mSET SQL_AUTO_IS_NULL=0[0m


Processing ApplicationController#create_xml (for 127.0.0.1 at 2010-11-02 20:07:30) [POST]
  Parameters: {"login"=>"porsamini", "password"=>"vineeth"}

SyntaxError (D:/FlexAndRailsPractice/pomodo/app/controllers/sessions_controller.rb:55: syntax error, unexpected kEND, expecting $end):
  

Rendered rescues/_trace (46.0ms)
Rendered rescues/_request_and_response (0.0ms)
Rendering rescues/layout (internal_server_error)
  [4;35;1mSQL (0.0ms)[0m   [0mSET NAMES 'utf8'[0m
  [4;36;1mSQL (0.0ms)[0m   [0;1mSET SQL_AUTO_IS_NULL=0[0m


Processing ApplicationController#create_xml (for 127.0.0.1 at 2010-11-02 20:07:30) [POST]
  Parameters: {"login"=>"porsamini", "password"=>"vineeth"}

SyntaxError (D:/FlexAndRailsPractice/pomodo/app/controllers/sessions_controller.rb:55: syntax error, unexpected kEND, expecting $end):
  

Rendered rescues/_trace (62.0ms)
Rendered rescues/_request_and_response (0.0ms)
Rendering rescues/layout (internal_server_error)
  [4;35;1mSQL (0.0ms)[0m   [0mSET NAMES 'utf8'[0m
  [4;36;1mSQL (0.0ms)[0m   [0;1mSET SQL_AUTO_IS_NULL=0[0m


Processing ApplicationController#create_xml (for 127.0.0.1 at 2010-11-02 20:07:31) [POST]
  Parameters: {"login"=>"porsamini", "password"=>"vineeth"}

SyntaxError (D:/FlexAndRailsPractice/pomodo/app/controllers/sessions_controller.rb:55: syntax error, unexpected kEND, expecting $end):
  

Rendered rescues/_trace (187.0ms)
Rendered rescues/_request_and_response (0.0ms)
Rendering rescues/layout (internal_server_error)
  [4;35;1mSQL (0.0ms)[0m   [0mSET NAMES 'utf8'[0m
  [4;36;1mSQL (0.0ms)[0m   [0;1mSET SQL_AUTO_IS_NULL=0[0m


Processing ApplicationController#create_xml (for 127.0.0.1 at 2010-11-02 20:08:01) [POST]
  Parameters: {"login"=>"porsamini", "password"=>"vineeth"}

SyntaxError (D:/FlexAndRailsPractice/pomodo/app/controllers/sessions_controller.rb:55: syntax error, unexpected kEND, expecting $end):
  

Rendered rescues/_trace (63.0ms)
Rendered rescues/_request_and_response (0.0ms)
Rendering rescues/layout (internal_server_error)
  [4;35;1mSQL (0.0ms)[0m   [0mSET NAMES 'utf8'[0m
  [4;36;1mSQL (0.0ms)[0m   [0;1mSET SQL_AUTO_IS_NULL=0[0m


Processing SessionsController#create_xml (for 127.0.0.1 at 2010-11-02 20:09:01) [POST]
  Parameters: {"login"=>"porsamini", "password"=>"vineeth"}
  [4;35;1mUser Columns (0.0ms)[0m   [0mSHOW FIELDS FROM `users`[0m
  [4;36;1mUser Load (0.0ms)[0m   [0;1mSELECT * FROM `users` WHERE (`users`.`login` = 'porsamini') LIMIT 1[0m
Completed in 47ms (View: 0, DB: 0) | 200 OK [http://localhost/sessions/create_xml]
  [4;35;1mSQL (0.0ms)[0m   [0mSET NAMES 'utf8'[0m
  [4;36;1mSQL (0.0ms)[0m   [0;1mSET SQL_AUTO_IS_NULL=0[0m


Processing SessionsController#create_xml (for 127.0.0.1 at 2010-11-02 20:09:12) [POST]
  Parameters: {"login"=>"pors", "password"=>"fs"}
  [4;35;1mUser Columns (15.0ms)[0m   [0mSHOW FIELDS FROM `users`[0m
  [4;36;1mUser Load (0.0ms)[0m   [0;1mSELECT * FROM `users` WHERE (`users`.`login` = 'pors') LIMIT 1[0m
Completed in 31ms (View: 0, DB: 15) | 200 OK [http://localhost/sessions/create_xml]
  [4;35;1mSQL (0.0ms)[0m   [0mSET NAMES 'utf8'[0m
  [4;36;1mSQL (0.0ms)[0m   [0;1mSET SQL_AUTO_IS_NULL=0[0m


Processing SessionsController#create_xml (for 127.0.0.1 at 2010-11-02 20:09:16) [POST]
  Parameters: {"login"=>"pors", "password"=>"fs"}
  [4;35;1mUser Columns (0.0ms)[0m   [0mSHOW FIELDS FROM `users`[0m
  [4;36;1mUser Load (0.0ms)[0m   [0;1mSELECT * FROM `users` WHERE (`users`.`login` = 'pors') LIMIT 1[0m
Completed in 47ms (View: 16, DB: 0) | 200 OK [http://localhost/sessions/create_xml]
  [4;35;1mSQL (0.0ms)[0m   [0mSET NAMES 'utf8'[0m
  [4;36;1mSQL (0.0ms)[0m   [0;1mSET SQL_AUTO_IS_NULL=0[0m


Processing SessionsController#create_xml (for 127.0.0.1 at 2010-11-02 20:09:21) [POST]
  Parameters: {"login"=>"", "password"=>""}
Completed in 125ms (View: 0, DB: 0) | 200 OK [http://localhost/sessions/create_xml]
  [4;36;1mSQL (31.0ms)[0m   [0;1mSET NAMES 'utf8'[0m
  [4;35;1mSQL (0.0ms)[0m   [0mSET SQL_AUTO_IS_NULL=0[0m


Processing SessionsController#create_xml (for 127.0.0.1 at 2010-11-03 10:58:46) [POST]
  Parameters: {"login"=>"porsamin", "password"=>""}
Completed in 422ms (View: 32, DB: 31) | 200 OK [http://localhost/sessions/create_xml]
  [4;36;1mSQL (0.0ms)[0m   [0;1mSET NAMES 'utf8'[0m
  [4;35;1mSQL (0.0ms)[0m   [0mSET SQL_AUTO_IS_NULL=0[0m


Processing SessionsController#create_xml (for 127.0.0.1 at 2010-11-03 10:58:54) [POST]
  Parameters: {"login"=>"porsamini", "password"=>"vineeth"}
  [4;36;1mUser Columns (141.0ms)[0m   [0;1mSHOW FIELDS FROM `users`[0m
  [4;35;1mUser Load (32.0ms)[0m   [0mSELECT * FROM `users` WHERE (`users`.`login` = 'porsamini') LIMIT 1[0m
Completed in 421ms (View: 0, DB: 173) | 200 OK [http://localhost/sessions/create_xml]
  [4;36;1mSQL (0.0ms)[0m   [0;1mSET NAMES 'utf8'[0m
  [4;35;1mSQL (0.0ms)[0m   [0mSET SQL_AUTO_IS_NULL=0[0m


Processing SessionsController#create_xml (for 127.0.0.1 at 2010-11-03 11:01:16) [POST]
  Parameters: {"login"=>"porsamini", "password"=>"vineeth"}
  [4;36;1mUser Columns (31.0ms)[0m   [0;1mSHOW FIELDS FROM `users`[0m
  [4;35;1mUser Load (0.0ms)[0m   [0mSELECT * FROM `users` WHERE (`users`.`login` = 'porsamini') LIMIT 1[0m
Completed in 47ms (View: 0, DB: 31) | 200 OK [http://localhost/sessions/create_xml]
  [4;36;1mSQL (0.0ms)[0m   [0;1mSET NAMES 'utf8'[0m
  [4;35;1mSQL (0.0ms)[0m   [0mSET SQL_AUTO_IS_NULL=0[0m


Processing SessionsController#create_xml (for 127.0.0.1 at 2010-11-03 11:01:37) [POST]
  Parameters: {"login"=>"porsamini", "password"=>"vineeth"}
  [4;36;1mUser Columns (15.0ms)[0m   [0;1mSHOW FIELDS FROM `users`[0m
  [4;35;1mUser Load (0.0ms)[0m   [0mSELECT * FROM `users` WHERE (`users`.`login` = 'porsamini') LIMIT 1[0m
Completed in 47ms (View: 16, DB: 15) | 200 OK [http://localhost/sessions/create_xml]
  [4;36;1mSQL (46.0ms)[0m   [0;1mSET NAMES 'utf8'[0m
  [4;35;1mSQL (15.0ms)[0m   [0mSET SQL_AUTO_IS_NULL=0[0m


Processing UsersController#create_xml (for 127.0.0.1 at 2010-11-03 11:10:11) [POST]
  Parameters: {"user"=>{"password_confirmation"=>"vineeth", "first_name"=>"Vineeth", "password"=>"vineeth", "login"=>"pradhan", "last_name"=>"Pradhan", "email"=>"pradhan@gmail.com"}}
  [4;36;1mUser Columns (156.0ms)[0m   [0;1mSHOW FIELDS FROM `users`[0m
  [4;35;1mSQL (16.0ms)[0m   [0mBEGIN[0m
  [4;36;1mUser Load (16.0ms)[0m   [0;1mSELECT `users`.id FROM `users` WHERE (`users`.`login` = BINARY 'pradhan') LIMIT 1[0m
  [4;35;1mUser Load (0.0ms)[0m   [0mSELECT `users`.id FROM `users` WHERE (`users`.`email` = BINARY 'pradhan@gmail.com') LIMIT 1[0m
  [4;36;1mUser Create (15.0ms)[0m   [0;1mINSERT INTO `users` (`name`, `salt`, `updated_at`, `crypted_password`, `remember_token_expires_at`, `remember_token`, `first_name`, `login`, `last_name`, `email`, `created_at`) VALUES('', '63345641faaef691945c7820f923d7d2c9fa1527', '2010-11-03 05:40:12', 'd7bddc98e65d3a6b2670e25e74d7f1883cdf96ce', NULL, NULL, 'Vineeth', 'pradhan', 'Pradhan', 'pradhan@gmail.com', '2010-11-03 05:40:12')[0m
  [4;35;1mSQL (47.0ms)[0m   [0mCOMMIT[0m
Completed in 516ms (View: 0, DB: 311) | 200 OK [http://localhost/users/create_xml]
  [4;36;1mSQL (0.0ms)[0m   [0;1mSET NAMES 'utf8'[0m
  [4;35;1mSQL (0.0ms)[0m   [0mSET SQL_AUTO_IS_NULL=0[0m


Processing SessionsController#create_xml (for 127.0.0.1 at 2010-11-03 11:57:50) [POST]
  Parameters: {"login"=>"", "password"=>""}
Completed in 188ms (View: 0, DB: 0) | 200 OK [http://localhost/sessions/create_xml]
  [4;36;1mSQL (0.0ms)[0m   [0;1mSET NAMES 'utf8'[0m
  [4;35;1mSQL (0.0ms)[0m   [0mSET SQL_AUTO_IS_NULL=0[0m


Processing SessionsController#create_xml (for 127.0.0.1 at 2010-11-03 11:57:53) [POST]
  Parameters: {"login"=>"", "password"=>""}
Completed in 47ms (View: 0, DB: 0) | 200 OK [http://localhost/sessions/create_xml]
  [4;36;1mSQL (16.0ms)[0m   [0;1mSET NAMES 'utf8'[0m
  [4;35;1mSQL (0.0ms)[0m   [0mSET SQL_AUTO_IS_NULL=0[0m


Processing ApplicationController#index (for 127.0.0.1 at 2010-11-03 14:23:37) [GET]

ActionController::RoutingError (No route matches "/bin/com/pomodo/assets/logo_md.png" with {:method=>:get}):
  

Rendering rescues/layout (not_found)
  [4;36;1mSQL (0.0ms)[0m   [0;1mSET NAMES 'utf8'[0m
  [4;35;1mSQL (0.0ms)[0m   [0mSET SQL_AUTO_IS_NULL=0[0m


Processing SessionsController#create_xml (for 127.0.0.1 at 2010-11-03 14:23:51) [POST]
  Parameters: {"login"=>"porsamini", "password"=>"vineeth"}
  [4;36;1mUser Columns (125.0ms)[0m   [0;1mSHOW FIELDS FROM `users`[0m
  [4;35;1mUser Load (31.0ms)[0m   [0mSELECT * FROM `users` WHERE (`users`.`login` = 'porsamini') LIMIT 1[0m
Completed in 344ms (View: 0, DB: 156) | 200 OK [http://localhost/sessions/create_xml]
  [4;36;1mSQL (0.0ms)[0m   [0;1mSET NAMES 'utf8'[0m
  [4;35;1mSQL (0.0ms)[0m   [0mSET SQL_AUTO_IS_NULL=0[0m


Processing SessionsController#create_xml (for 127.0.0.1 at 2010-11-03 14:23:53) [POST]
  Parameters: {"login"=>"porsamini", "password"=>"vineeth"}
  [4;36;1mUser Columns (0.0ms)[0m   [0;1mSHOW FIELDS FROM `users`[0m
  [4;35;1mUser Load (0.0ms)[0m   [0mSELECT * FROM `users` WHERE (`users`.`login` = 'porsamini') LIMIT 1[0m
Completed in 46ms (View: 0, DB: 0) | 200 OK [http://localhost/sessions/create_xml]
  [4;36;1mSQL (0.0ms)[0m   [0;1mSET NAMES 'utf8'[0m
  [4;35;1mSQL (0.0ms)[0m   [0mSET SQL_AUTO_IS_NULL=0[0m


Processing UsersController#create_xml (for 127.0.0.1 at 2010-11-03 14:24:06) [POST]
  Parameters: {"user"=>{"password_confirmation"=>"sdgsd", "first_name"=>"fgsdfg", "password"=>"dsgsd", "login"=>"sdgd", "last_name"=>"fgsdf", "email"=>"sdgls"}}
  [4;36;1mUser Columns (0.0ms)[0m   [0;1mSHOW FIELDS FROM `users`[0m
  [4;35;1mSQL (0.0ms)[0m   [0mBEGIN[0m
  [4;36;1mUser Load (0.0ms)[0m   [0;1mSELECT `users`.id FROM `users` WHERE (`users`.`login` = BINARY 'sdgd') LIMIT 1[0m
  [4;35;1mUser Load (0.0ms)[0m   [0mSELECT `users`.id FROM `users` WHERE (`users`.`email` = BINARY 'sdgls') LIMIT 1[0m
  [4;36;1mSQL (31.0ms)[0m   [0;1mROLLBACK[0m
Completed in 188ms (View: 0, DB: 31) | 200 OK [http://localhost/users/create_xml]
  [4;35;1mSQL (0.0ms)[0m   [0mSET NAMES 'utf8'[0m
  [4;36;1mSQL (0.0ms)[0m   [0;1mSET SQL_AUTO_IS_NULL=0[0m


Processing UsersController#create_xml (for 127.0.0.1 at 2010-11-03 14:25:33) [POST]
  Parameters: {"user"=>{"password_confirmation"=>"aaa", "first_name"=>"fgsdfg", "password"=>"aaa", "login"=>"sdgd", "last_name"=>"fgsdf", "email"=>"sdgls"}}
  [4;35;1mUser Columns (16.0ms)[0m   [0mSHOW FIELDS FROM `users`[0m
  [4;36;1mSQL (0.0ms)[0m   [0;1mBEGIN[0m
  [4;35;1mUser Load (0.0ms)[0m   [0mSELECT `users`.id FROM `users` WHERE (`users`.`login` = BINARY 'sdgd') LIMIT 1[0m
  [4;36;1mUser Load (0.0ms)[0m   [0;1mSELECT `users`.id FROM `users` WHERE (`users`.`email` = BINARY 'sdgls') LIMIT 1[0m
  [4;35;1mSQL (0.0ms)[0m   [0mROLLBACK[0m
Completed in 47ms (View: 0, DB: 16) | 200 OK [http://localhost/users/create_xml]
  [4;36;1mSQL (0.0ms)[0m   [0;1mSET NAMES 'utf8'[0m
  [4;35;1mSQL (0.0ms)[0m   [0mSET SQL_AUTO_IS_NULL=0[0m


Processing SessionsController#create_xml (for 127.0.0.1 at 2010-11-03 14:29:54) [POST]
  Parameters: {"login"=>"porsamini", "password"=>"vineeth"}
  [4;36;1mUser Columns (0.0ms)[0m   [0;1mSHOW FIELDS FROM `users`[0m
  [4;35;1mUser Load (0.0ms)[0m   [0mSELECT * FROM `users` WHERE (`users`.`login` = 'porsamini') LIMIT 1[0m
Completed in 94ms (View: 0, DB: 0) | 200 OK [http://localhost/sessions/create_xml]
  [4;36;1mSQL (0.0ms)[0m   [0;1mSET NAMES 'utf8'[0m
  [4;35;1mSQL (0.0ms)[0m   [0mSET SQL_AUTO_IS_NULL=0[0m


Processing ApplicationController#index (for 127.0.0.1 at 2010-11-03 14:30:08) [GET]

ActionController::RoutingError (No route matches "/bin/com/pomodo/assets/logo_md.png" with {:method=>:get}):
  

Rendering rescues/layout (not_found)
  [4;36;1mSQL (0.0ms)[0m   [0;1mSET NAMES 'utf8'[0m
  [4;35;1mSQL (0.0ms)[0m   [0mSET SQL_AUTO_IS_NULL=0[0m


Processing ApplicationController#index (for 127.0.0.1 at 2010-11-03 14:49:21) [GET]

ActionController::RoutingError (No route matches "/bin/com/pomodo/assets/logo_md.png" with {:method=>:get}):
  

Rendering rescues/layout (not_found)
  [4;36;1mSQL (0.0ms)[0m   [0;1mSET NAMES 'utf8'[0m
  [4;35;1mSQL (0.0ms)[0m   [0mSET SQL_AUTO_IS_NULL=0[0m


Processing ApplicationController#index (for 127.0.0.1 at 2010-11-03 14:49:29) [GET]

ActionController::RoutingError (No route matches "/bin/com/pomodo/assets/logo_md.png" with {:method=>:get}):
  

Rendering rescues/layout (not_found)
  [4;36;1mSQL (0.0ms)[0m   [0;1mSET NAMES 'utf8'[0m
  [4;35;1mSQL (0.0ms)[0m   [0mSET SQL_AUTO_IS_NULL=0[0m


Processing ApplicationController#index (for 127.0.0.1 at 2010-11-03 14:51:47) [GET]

ActionController::RoutingError (No route matches "/bin/com/pomodo/assets/logo_md.png" with {:method=>:get}):
  

Rendering rescues/layout (not_found)
  [4;36;1mSQL (0.0ms)[0m   [0;1mSET NAMES 'utf8'[0m
  [4;35;1mSQL (0.0ms)[0m   [0mSET SQL_AUTO_IS_NULL=0[0m


Processing ApplicationController#index (for 127.0.0.1 at 2010-11-03 14:52:03) [GET]

ActionController::RoutingError (No route matches "/bin/com/pomodo/assets/logo_md.png" with {:method=>:get}):
  

Rendering rescues/layout (not_found)
  [4;36;1mSQL (0.0ms)[0m   [0;1mSET NAMES 'utf8'[0m
  [4;35;1mSQL (0.0ms)[0m   [0mSET SQL_AUTO_IS_NULL=0[0m


Processing UsersController#create_xml (for 127.0.0.1 at 2010-11-03 14:53:55) [POST]
  Parameters: {"user"=>{"password_confirmation"=>"vineeth", "first_name"=>"Vineeth", "password"=>"vineeth", "login"=>"vin", "last_name"=>"Pradhan", "email"=>"vin@pomodo.com"}}
  [4;36;1mUser Columns (0.0ms)[0m   [0;1mSHOW FIELDS FROM `users`[0m
  [4;35;1mSQL (0.0ms)[0m   [0mBEGIN[0m
  [4;36;1mUser Load (0.0ms)[0m   [0;1mSELECT `users`.id FROM `users` WHERE (`users`.`login` = BINARY 'vin') LIMIT 1[0m
  [4;35;1mUser Load (0.0ms)[0m   [0mSELECT `users`.id FROM `users` WHERE (`users`.`email` = BINARY 'vin@pomodo.com') LIMIT 1[0m
  [4;36;1mUser Create (0.0ms)[0m   [0;1mINSERT INTO `users` (`name`, `salt`, `updated_at`, `crypted_password`, `remember_token_expires_at`, `remember_token`, `first_name`, `login`, `last_name`, `email`, `created_at`) VALUES('', '1466ba6ae43ab5baddca0c4f06aff2f46a816c97', '2010-11-03 09:23:55', '3b57b15c33efa83d4a8e793893dfd99768d9822f', NULL, NULL, 'Vineeth', 'vin', 'Pradhan', 'vin@pomodo.com', '2010-11-03 09:23:55')[0m
  [4;35;1mSQL (47.0ms)[0m   [0mCOMMIT[0m
Completed in 141ms (View: 16, DB: 47) | 200 OK [http://localhost/users/create_xml]
  [4;36;1mSQL (0.0ms)[0m   [0;1mSET NAMES 'utf8'[0m
  [4;35;1mSQL (0.0ms)[0m   [0mSET SQL_AUTO_IS_NULL=0[0m


Processing SessionsController#create_xml (for 127.0.0.1 at 2010-11-03 14:54:12) [POST]
  Parameters: {"login"=>"vin", "password"=>"vineeth"}
  [4;36;1mUser Columns (0.0ms)[0m   [0;1mSHOW FIELDS FROM `users`[0m
  [4;35;1mUser Load (16.0ms)[0m   [0mSELECT * FROM `users` WHERE (`users`.`login` = 'vin') LIMIT 1[0m
Completed in 47ms (View: 0, DB: 16) | 200 OK [http://localhost/sessions/create_xml]
  [4;36;1mSQL (0.0ms)[0m   [0;1mSET NAMES 'utf8'[0m
  [4;35;1mSQL (0.0ms)[0m   [0mSET SQL_AUTO_IS_NULL=0[0m


Processing ApplicationController#index (for 127.0.0.1 at 2010-11-03 14:58:03) [GET]

ActionController::RoutingError (No route matches "/bin/com/pomodo/assets/splace.jpg" with {:method=>:get}):
  

Rendering rescues/layout (not_found)
  [4;36;1mSQL (0.0ms)[0m   [0;1mSET NAMES 'utf8'[0m
  [4;35;1mSQL (0.0ms)[0m   [0mSET SQL_AUTO_IS_NULL=0[0m
  [4;36;1mSQL (62.0ms)[0m   [0;1mSHOW TABLES[0m
  [4;35;1mSQL (234.0ms)[0m   [0mSELECT version FROM schema_migrations[0m
  [4;36;1mSQL (0.0ms)[0m   [0;1mSET NAMES 'utf8'[0m
  [4;35;1mSQL (0.0ms)[0m   [0mSET SQL_AUTO_IS_NULL=0[0m
  [4;36;1mSQL (0.0ms)[0m   [0;1mSHOW TABLES[0m
  [4;35;1mSQL (0.0ms)[0m   [0mSELECT version FROM schema_migrations[0m
  [4;36;1mSQL (32.0ms)[0m   [0;1mSET NAMES 'utf8'[0m
  [4;35;1mSQL (0.0ms)[0m   [0mSET SQL_AUTO_IS_NULL=0[0m


Processing SessionsController#create_xml (for 127.0.0.1 at 2010-11-04 10:45:01) [POST]
  Parameters: {"login"=>"porsamini", "password"=>"vineeth"}
  [4;36;1mUser Columns (156.0ms)[0m   [0;1mSHOW FIELDS FROM `users`[0m
  [4;35;1mUser Load (31.0ms)[0m   [0mSELECT * FROM `users` WHERE (`users`.`login` = 'porsamini') LIMIT 1[0m
Completed in 766ms (View: 32, DB: 219) | 200 OK [http://localhost/sessions/create_xml]
